0 verbose cli C:\Program Files\nodejs\node.exe C:\Program Files\nodejs\node_modules\npm\bin\npm-cli.js
1 info using npm@11.6.2
2 info using node@v24.13.0
3 silly config load:file:C:\Program Files\nodejs\node_modules\npm\npmrc
4 silly config load:file:C:\Users\MyBook Hype AMD\AndroidStudioProjects\Edufika2\new_design\.npmrc
5 silly config load:file:C:\Users\MyBook Hype AMD\.npmrc
6 silly config load:file:C:\Users\MyBook Hype AMD\AndroidStudioProjects\Edufika2\new_design\etc\npmrc
7 verbose title npm install
8 verbose argv "--prefix" "new_design" "install" "--no-fund" "--no-audit"
9 verbose logfile logs-max:10 dir:C:\Users\MyBook Hype AMD\AndroidStudioProjects\Edufika2\.npm-cache\_logs\2026-03-27T07_58_57_149Z-
10 verbose logfile C:\Users\MyBook Hype AMD\AndroidStudioProjects\Edufika2\.npm-cache\_logs\2026-03-27T07_58_57_149Z-debug-0.log
11 silly logfile done cleaning log files
12 silly packumentCache heap:2348810240 maxSize:587202560 maxEntrySize:293601280
13 silly idealTree buildDeps
14 silly fetch manifest react@^19.2.4
15 silly packumentCache full:https://registry.npmjs.org/react cache-miss
16 http fetch GET 200 https://registry.npmjs.org/npm 596ms
17 http fetch GET 200 https://registry.npmjs.org/react 852ms (cache miss)
18 silly packumentCache full:https://registry.npmjs.org/react set size:undefined disposed:false
19 silly fetch manifest react-dom@^19.2.4
20 silly packumentCache full:https://registry.npmjs.org/react-dom cache-miss
21 http fetch GET 200 https://registry.npmjs.org/react-dom 683ms (cache miss)
22 silly packumentCache full:https://registry.npmjs.org/react-dom set size:undefined disposed:false
23 silly fetch manifest lucide-react@^0.570.0
24 silly packumentCache full:https://registry.npmjs.org/lucide-react cache-miss
25 http fetch GET 200 https://registry.npmjs.org/lucide-react 240ms (cache miss)
26 silly packumentCache full:https://registry.npmjs.org/lucide-react set size:undefined disposed:false
27 silly fetch manifest framer-motion@^12.34.0
28 silly packumentCache full:https://registry.npmjs.org/framer-motion cache-miss
29 http fetch GET 200 https://registry.npmjs.org/framer-motion 707ms (cache miss)
30 silly packumentCache full:https://registry.npmjs.org/framer-motion set size:undefined disposed:false
31 silly fetch manifest @emotion/is-prop-valid@*
32 silly packumentCache full:https://registry.npmjs.org/@emotion%2fis-prop-valid cache-miss
33 http fetch GET 200 https://registry.npmjs.org/@emotion%2fis-prop-valid 179ms (cache miss)
34 silly packumentCache full:https://registry.npmjs.org/@emotion%2fis-prop-valid set size:undefined disposed:false
35 silly fetch manifest @types/node@^22.14.0
36 silly packumentCache full:https://registry.npmjs.org/@types%2fnode cache-miss
37 http fetch GET 200 https://registry.npmjs.org/@types%2fnode 1144ms (cache miss)
38 silly packumentCache full:https://registry.npmjs.org/@types%2fnode set size:undefined disposed:false
39 silly fetch manifest @vitejs/plugin-react@^5.0.0
40 silly packumentCache full:https://registry.npmjs.org/@vitejs%2fplugin-react cache-miss
41 http fetch GET 200 https://registry.npmjs.org/@vitejs%2fplugin-react 174ms (cache miss)
42 silly packumentCache full:https://registry.npmjs.org/@vitejs%2fplugin-react set size:undefined disposed:false
43 silly fetch manifest vite@^6.2.0
44 silly packumentCache full:https://registry.npmjs.org/vite cache-miss
45 http fetch GET 200 https://registry.npmjs.org/vite 2280ms (cache miss)
46 silly packumentCache full:https://registry.npmjs.org/vite set size:undefined disposed:false
47 silly fetch manifest jiti@>=1.21.0
48 silly packumentCache full:https://registry.npmjs.org/jiti cache-miss
49 http fetch GET 200 https://registry.npmjs.org/jiti 120ms (cache miss)
50 silly packumentCache full:https://registry.npmjs.org/jiti set size:undefined disposed:false
51 silly fetch manifest less@*
52 silly packumentCache full:https://registry.npmjs.org/less cache-miss
53 http fetch GET 200 https://registry.npmjs.org/less 122ms (cache miss)
54 silly packumentCache full:https://registry.npmjs.org/less set size:undefined disposed:false
55 silly fetch manifest lightningcss@^1.21.0
56 silly packumentCache full:https://registry.npmjs.org/lightningcss cache-miss
57 http fetch GET 200 https://registry.npmjs.org/lightningcss 97ms (cache miss)
58 silly packumentCache full:https://registry.npmjs.org/lightningcss set size:undefined disposed:false
59 silly fetch manifest sass@*
60 silly packumentCache full:https://registry.npmjs.org/sass cache-miss
61 http fetch GET 200 https://registry.npmjs.org/sass 164ms (cache miss)
62 silly packumentCache full:https://registry.npmjs.org/sass set size:undefined disposed:false
63 silly fetch manifest sass-embedded@*
64 silly packumentCache full:https://registry.npmjs.org/sass-embedded cache-miss
65 http fetch GET 200 https://registry.npmjs.org/sass-embedded 103ms (cache miss)
66 silly packumentCache full:https://registry.npmjs.org/sass-embedded set size:undefined disposed:false
67 silly fetch manifest stylus@*
68 silly packumentCache full:https://registry.npmjs.org/stylus cache-miss
69 http fetch GET 200 https://registry.npmjs.org/stylus 107ms (cache miss)
70 silly packumentCache full:https://registry.npmjs.org/stylus set size:undefined disposed:false
71 silly fetch manifest sugarss@*
72 silly packumentCache full:https://registry.npmjs.org/sugarss cache-miss
73 http fetch GET 200 https://registry.npmjs.org/sugarss 125ms (cache miss)
74 silly packumentCache full:https://registry.npmjs.org/sugarss set size:undefined disposed:false
75 silly fetch manifest postcss@^8.3.3
76 silly packumentCache full:https://registry.npmjs.org/postcss cache-miss
77 http fetch GET 200 https://registry.npmjs.org/postcss 225ms (cache miss)
78 silly packumentCache full:https://registry.npmjs.org/postcss set size:undefined disposed:false
79 silly fetch manifest terser@^5.16.0
80 silly packumentCache full:https://registry.npmjs.org/terser cache-miss
81 http fetch GET 200 https://registry.npmjs.org/terser 208ms (cache miss)
82 silly packumentCache full:https://registry.npmjs.org/terser set size:undefined disposed:false
83 silly fetch manifest tsx@^4.8.1
84 silly packumentCache full:https://registry.npmjs.org/tsx cache-miss
85 http fetch GET 200 https://registry.npmjs.org/tsx 115ms (cache miss)
86 silly packumentCache full:https://registry.npmjs.org/tsx set size:undefined disposed:false
87 silly fetch manifest yaml@^2.4.2
88 silly packumentCache full:https://registry.npmjs.org/yaml cache-miss
89 http fetch GET 200 https://registry.npmjs.org/yaml 108ms (cache miss)
90 silly packumentCache full:https://registry.npmjs.org/yaml set size:undefined disposed:false
91 silly fetch manifest typescript@~5.8.2
92 silly packumentCache full:https://registry.npmjs.org/typescript cache-miss
93 http fetch GET 200 https://registry.npmjs.org/typescript 934ms (cache miss)
94 silly packumentCache full:https://registry.npmjs.org/typescript set size:undefined disposed:false
95 silly placeDep ROOT @types/node@22.19.15 OK for: edufika-prototype@0.0.0 want: ^22.14.0
96 silly placeDep ROOT @vitejs/plugin-react@5.2.0 OK for: edufika-prototype@0.0.0 want: ^5.0.0
97 silly placeDep ROOT vite@6.4.1 OK for: @vitejs/plugin-react@5.2.0 want: ^4.2.0 || ^5.0.0 || ^6.0.0 || ^7.0.0 || ^8.0.0
98 silly placeDep ROOT framer-motion@12.38.0 OK for: edufika-prototype@0.0.0 want: ^12.34.0
99 silly placeDep ROOT lucide-react@0.570.0 OK for: edufika-prototype@0.0.0 want: ^0.570.0
100 silly placeDep ROOT react@19.2.4 OK for: lucide-react@0.570.0 want: ^16.5.1 || ^17.0.0 || ^18.0.0 || ^19.0.0
101 silly placeDep ROOT react-dom@19.2.4 OK for: edufika-prototype@0.0.0 want: ^19.2.4
102 silly placeDep ROOT typescript@5.8.3 OK for: edufika-prototype@0.0.0 want: ~5.8.2
103 silly fetch manifest undici-types@~6.21.0
104 silly packumentCache full:https://registry.npmjs.org/undici-types cache-miss
105 silly fetch manifest @babel/core@^7.29.0
106 silly packumentCache full:https://registry.npmjs.org/@babel%2fcore cache-miss
107 silly fetch manifest react-refresh@^0.18.0
108 silly packumentCache full:https://registry.npmjs.org/react-refresh cache-miss
109 silly fetch manifest @types/babel__core@^7.20.5
110 silly packumentCache full:https://registry.npmjs.org/@types%2fbabel__core cache-miss
111 silly fetch manifest @rolldown/pluginutils@1.0.0-rc.3
112 silly packumentCache full:https://registry.npmjs.org/@rolldown%2fpluginutils cache-miss
113 silly fetch manifest @babel/plugin-transform-react-jsx-self@^7.27.1
114 silly packumentCache full:https://registry.npmjs.org/@babel%2fplugin-transform-react-jsx-self cache-miss
115 silly fetch manifest @babel/plugin-transform-react-jsx-source@^7.27.1
116 silly packumentCache full:https://registry.npmjs.org/@babel%2fplugin-transform-react-jsx-source cache-miss
117 http fetch GET 200 https://registry.npmjs.org/undici-types 100ms (cache miss)
118 silly packumentCache full:https://registry.npmjs.org/undici-types set size:undefined disposed:false
119 silly fetch manifest fdir@^6.4.4
120 silly packumentCache full:https://registry.npmjs.org/fdir cache-miss
121 http fetch GET 200 https://registry.npmjs.org/@babel%2fcore 186ms (cache miss)
122 silly packumentCache full:https://registry.npmjs.org/@babel%2fcore set size:undefined disposed:false
123 silly fetch manifest rollup@^4.34.9
124 silly packumentCache full:https://registry.npmjs.org/rollup cache-miss
125 http fetch GET 200 https://registry.npmjs.org/fdir 106ms (cache miss)
126 silly packumentCache full:https://registry.npmjs.org/fdir set size:undefined disposed:false
127 silly fetch manifest esbuild@^0.25.0
128 silly packumentCache full:https://registry.npmjs.org/esbuild cache-miss
129 http fetch GET 200 https://registry.npmjs.org/@types%2fbabel__core 413ms (cache miss)
130 silly packumentCache full:https://registry.npmjs.org/@types%2fbabel__core set size:undefined disposed:false
131 silly fetch manifest postcss@^8.5.3
132 silly packumentCache full:https://registry.npmjs.org/postcss cache-miss
133 http fetch GET 200 https://registry.npmjs.org/@rolldown%2fpluginutils 431ms (cache miss)
134 silly packumentCache full:https://registry.npmjs.org/@rolldown%2fpluginutils set size:undefined disposed:false
135 silly fetch manifest picomatch@^4.0.2
136 silly packumentCache full:https://registry.npmjs.org/picomatch cache-miss
137 http fetch GET 200 https://registry.npmjs.org/@babel%2fplugin-transform-react-jsx-self 486ms (cache miss)
138 silly packumentCache full:https://registry.npmjs.org/@babel%2fplugin-transform-react-jsx-self set size:undefined disposed:false
139 silly fetch manifest tinyglobby@^0.2.13
140 silly packumentCache full:https://registry.npmjs.org/tinyglobby cache-miss
141 http fetch GET 200 https://registry.npmjs.org/@babel%2fplugin-transform-react-jsx-source 510ms (cache miss)
142 silly packumentCache full:https://registry.npmjs.org/@babel%2fplugin-transform-react-jsx-source set size:undefined disposed:false
143 silly fetch manifest fsevents@~2.3.3
144 silly packumentCache full:https://registry.npmjs.org/fsevents cache-miss
145 http cache https://registry.npmjs.org/postcss 165ms (cache hit)
146 silly packumentCache full:https://registry.npmjs.org/postcss set size:702266 disposed:false
147 silly fetch manifest tslib@^2.4.0
148 silly packumentCache full:https://registry.npmjs.org/tslib cache-miss
149 http fetch GET 200 https://registry.npmjs.org/tinyglobby 220ms (cache miss)
150 silly packumentCache full:https://registry.npmjs.org/tinyglobby set size:undefined disposed:false
151 silly fetch manifest motion-dom@^12.38.0
152 silly packumentCache full:https://registry.npmjs.org/motion-dom cache-miss
153 http fetch GET 200 https://registry.npmjs.org/picomatch 299ms (cache miss)
154 silly packumentCache full:https://registry.npmjs.org/picomatch set size:undefined disposed:false
155 silly fetch manifest motion-utils@^12.36.0
156 silly packumentCache full:https://registry.npmjs.org/motion-utils cache-miss
157 http fetch GET 200 https://registry.npmjs.org/esbuild 564ms (cache miss)
158 silly packumentCache full:https://registry.npmjs.org/esbuild set size:undefined disposed:false
159 silly fetch manifest scheduler@^0.27.0
160 silly packumentCache full:https://registry.npmjs.org/scheduler cache-miss
161 http fetch GET 200 https://registry.npmjs.org/fsevents 340ms (cache miss)
162 silly packumentCache full:https://registry.npmjs.org/fsevents set size:undefined disposed:false
163 http fetch GET 200 https://registry.npmjs.org/tslib 248ms (cache miss)
164 silly packumentCache full:https://registry.npmjs.org/tslib set size:undefined disposed:false
165 http fetch GET 200 https://registry.npmjs.org/motion-utils 139ms (cache miss)
166 silly packumentCache full:https://registry.npmjs.org/motion-utils set size:undefined disposed:false
167 http fetch GET 200 https://registry.npmjs.org/motion-dom 178ms (cache miss)
168 silly packumentCache full:https://registry.npmjs.org/motion-dom set size:undefined disposed:false
169 http fetch GET 200 https://registry.npmjs.org/rollup 1828ms (cache miss)
170 silly packumentCache full:https://registry.npmjs.org/rollup set size:undefined disposed:false
171 http fetch GET 200 https://registry.npmjs.org/react-refresh 3098ms (cache miss)
172 silly packumentCache full:https://registry.npmjs.org/react-refresh set size:undefined disposed:false
173 http fetch GET 200 https://registry.npmjs.org/scheduler 4138ms (cache miss)
174 silly packumentCache full:https://registry.npmjs.org/scheduler set size:undefined disposed:false
175 silly placeDep ROOT undici-types@6.21.0 OK for: @types/node@22.19.15 want: ~6.21.0
176 silly placeDep ROOT @babel/core@7.29.0 OK for: @vitejs/plugin-react@5.2.0 want: ^7.29.0
177 silly placeDep ROOT @babel/plugin-transform-react-jsx-self@7.27.1 OK for: @vitejs/plugin-react@5.2.0 want: ^7.27.1
178 silly placeDep ROOT @babel/plugin-transform-react-jsx-source@7.27.1 OK for: @vitejs/plugin-react@5.2.0 want: ^7.27.1
179 silly placeDep ROOT @rolldown/pluginutils@1.0.0-rc.3 OK for: @vitejs/plugin-react@5.2.0 want: 1.0.0-rc.3
180 silly placeDep ROOT @types/babel__core@7.20.5 OK for: @vitejs/plugin-react@5.2.0 want: ^7.20.5
181 silly placeDep ROOT react-refresh@0.18.0 OK for: @vitejs/plugin-react@5.2.0 want: ^0.18.0
182 silly fetch manifest debug@^4.1.0
183 silly packumentCache full:https://registry.npmjs.org/debug cache-miss
184 silly fetch manifest json5@^2.2.3
185 silly packumentCache full:https://registry.npmjs.org/json5 cache-miss
186 silly fetch manifest semver@^6.3.1
187 silly packumentCache full:https://registry.npmjs.org/semver cache-miss
188 silly fetch manifest gensync@^1.0.0-beta.2
189 silly packumentCache full:https://registry.npmjs.org/gensync cache-miss
190 silly fetch manifest @babel/types@^7.29.0
191 silly packumentCache full:https://registry.npmjs.org/@babel%2ftypes cache-miss
192 silly fetch manifest @babel/parser@^7.29.0
193 silly packumentCache full:https://registry.npmjs.org/@babel%2fparser cache-miss
194 silly fetch manifest @babel/helpers@^7.28.6
195 silly packumentCache full:https://registry.npmjs.org/@babel%2fhelpers cache-miss
196 http fetch GET 200 https://registry.npmjs.org/gensync 214ms (cache miss)
197 silly packumentCache full:https://registry.npmjs.org/gensync set size:undefined disposed:false
198 silly fetch manifest @babel/template@^7.28.6
199 silly packumentCache full:https://registry.npmjs.org/@babel%2ftemplate cache-miss
200 http fetch GET 200 https://registry.npmjs.org/json5 236ms (cache miss)
201 silly packumentCache full:https://registry.npmjs.org/json5 set size:undefined disposed:false
202 silly fetch manifest @babel/traverse@^7.29.0
203 silly packumentCache full:https://registry.npmjs.org/@babel%2ftraverse cache-miss
204 http fetch GET 200 https://registry.npmjs.org/debug 506ms (cache miss)
205 silly packumentCache full:https://registry.npmjs.org/debug set size:undefined disposed:false
206 silly fetch manifest @babel/generator@^7.29.0
207 silly packumentCache full:https://registry.npmjs.org/@babel%2fgenerator cache-miss
208 http fetch GET 200 https://registry.npmjs.org/semver 629ms (cache miss)
209 silly packumentCache full:https://registry.npmjs.org/semver set size:undefined disposed:false
210 silly fetch manifest @babel/code-frame@^7.29.0
211 silly packumentCache full:https://registry.npmjs.org/@babel%2fcode-frame cache-miss
212 http fetch GET 200 https://registry.npmjs.org/@babel%2fhelpers 781ms (cache miss)
213 silly packumentCache full:https://registry.npmjs.org/@babel%2fhelpers set size:undefined disposed:false
214 silly fetch manifest convert-source-map@^2.0.0
215 silly packumentCache full:https://registry.npmjs.org/convert-source-map cache-miss
216 http fetch GET 200 https://registry.npmjs.org/@babel%2ftypes 833ms (cache miss)
217 silly packumentCache full:https://registry.npmjs.org/@babel%2ftypes set size:undefined disposed:false
218 silly fetch manifest @jridgewell/remapping@^2.3.5
219 silly packumentCache full:https://registry.npmjs.org/@jridgewell%2fremapping cache-miss
220 http fetch GET 200 https://registry.npmjs.org/@babel%2fparser 922ms (cache miss)
221 silly packumentCache full:https://registry.npmjs.org/@babel%2fparser set size:undefined disposed:false
222 silly fetch manifest @babel/helper-module-transforms@^7.28.6
223 silly packumentCache full:https://registry.npmjs.org/@babel%2fhelper-module-transforms cache-miss
224 http fetch GET 200 https://registry.npmjs.org/@babel%2ftemplate 749ms (cache miss)
225 silly packumentCache full:https://registry.npmjs.org/@babel%2ftemplate set size:undefined disposed:false
226 silly fetch manifest @babel/helper-compilation-targets@^7.28.6
227 silly packumentCache full:https://registry.npmjs.org/@babel%2fhelper-compilation-targets cache-miss
228 http fetch GET 200 https://registry.npmjs.org/@babel%2fcode-frame 337ms (cache miss)
229 silly packumentCache full:https://registry.npmjs.org/@babel%2fcode-frame set size:undefined disposed:false
230 silly fetch manifest @babel/helper-plugin-utils@^7.27.1
231 silly packumentCache full:https://registry.npmjs.org/@babel%2fhelper-plugin-utils cache-miss
232 http fetch GET 200 https://registry.npmjs.org/convert-source-map 207ms (cache miss)
233 silly packumentCache full:https://registry.npmjs.org/convert-source-map set size:undefined disposed:false
234 silly fetch manifest @babel/helper-plugin-utils@^7.27.1
235 silly packumentCache full:https://registry.npmjs.org/@babel%2fhelper-plugin-utils cache-miss
236 http fetch GET 200 https://registry.npmjs.org/@babel%2fgenerator 575ms (cache miss)
237 silly packumentCache full:https://registry.npmjs.org/@babel%2fgenerator set size:undefined disposed:false
238 silly fetch manifest @babel/types@^7.20.7
239 silly packumentCache full:https://registry.npmjs.org/@babel%2ftypes cache-miss
240 http fetch GET 200 https://registry.npmjs.org/@babel%2ftraverse 880ms (cache miss)
241 silly packumentCache full:https://registry.npmjs.org/@babel%2ftraverse set size:undefined disposed:false
242 silly fetch manifest @babel/parser@^7.20.7
243 silly packumentCache full:https://registry.npmjs.org/@babel%2fparser cache-miss
244 http fetch GET 200 https://registry.npmjs.org/@jridgewell%2fremapping 329ms (cache miss)
245 silly packumentCache full:https://registry.npmjs.org/@jridgewell%2fremapping set size:undefined disposed:false
246 silly fetch manifest @types/babel__template@*
247 silly packumentCache full:https://registry.npmjs.org/@types%2fbabel__template cache-miss
248 http cache https://registry.npmjs.org/@babel%2fparser 99ms (cache hit)
249 silly packumentCache full:https://registry.npmjs.org/@babel%2fparser set size:718758 disposed:false
250 silly fetch manifest @types/babel__traverse@*
251 silly packumentCache full:https://registry.npmjs.org/@types%2fbabel__traverse cache-miss
252 http cache https://registry.npmjs.org/@babel%2ftypes 155ms (cache hit)
253 silly packumentCache full:https://registry.npmjs.org/@babel%2ftypes set size:487885 disposed:false
254 silly fetch manifest @types/babel__generator@*
255 silly packumentCache full:https://registry.npmjs.org/@types%2fbabel__generator cache-miss
256 http fetch GET 200 https://registry.npmjs.org/@babel%2fhelper-compilation-targets 329ms (cache miss)
257 silly packumentCache full:https://registry.npmjs.org/@babel%2fhelper-compilation-targets set size:undefined disposed:false
258 http fetch GET 200 https://registry.npmjs.org/@babel%2fhelper-module-transforms 374ms (cache miss)
259 silly packumentCache full:https://registry.npmjs.org/@babel%2fhelper-module-transforms set size:undefined disposed:false
260 http fetch GET 200 https://registry.npmjs.org/@babel%2fhelper-plugin-utils 294ms (cache miss)
261 silly packumentCache full:https://registry.npmjs.org/@babel%2fhelper-plugin-utils set size:undefined disposed:false
262 http fetch GET 200 https://registry.npmjs.org/@babel%2fhelper-plugin-utils 323ms (cache miss)
263 silly packumentCache full:https://registry.npmjs.org/@babel%2fhelper-plugin-utils set size:undefined disposed:false
264 http fetch GET 200 https://registry.npmjs.org/@types%2fbabel__template 163ms (cache miss)
265 silly packumentCache full:https://registry.npmjs.org/@types%2fbabel__template set size:undefined disposed:false
266 http fetch GET 200 https://registry.npmjs.org/@types%2fbabel__traverse 141ms (cache miss)
267 silly packumentCache full:https://registry.npmjs.org/@types%2fbabel__traverse set size:undefined disposed:false
268 http fetch GET 200 https://registry.npmjs.org/@types%2fbabel__generator 129ms (cache miss)
269 silly packumentCache full:https://registry.npmjs.org/@types%2fbabel__generator set size:undefined disposed:false
270 silly fetch manifest @babel/core@^7.0.0
271 silly packumentCache full:https://registry.npmjs.org/@babel%2fcore cache-miss
272 http cache https://registry.npmjs.org/@babel%2fcore 21ms (cache hit)
273 silly packumentCache full:https://registry.npmjs.org/@babel%2fcore set size:760113 disposed:false
274 silly placeDep ROOT @babel/code-frame@7.29.0 OK for: @babel/core@7.29.0 want: ^7.29.0
275 silly placeDep ROOT @babel/generator@7.29.1 OK for: @babel/core@7.29.0 want: ^7.29.0
276 silly placeDep ROOT @babel/helper-compilation-targets@7.28.6 OK for: @babel/core@7.29.0 want: ^7.28.6
277 silly placeDep ROOT @babel/helper-module-transforms@7.28.6 OK for: @babel/core@7.29.0 want: ^7.28.6
278 silly placeDep ROOT @babel/helpers@7.29.2 OK for: @babel/core@7.29.0 want: ^7.28.6
279 silly placeDep ROOT @babel/parser@7.29.2 OK for: @babel/core@7.29.0 want: ^7.29.0
280 silly placeDep ROOT @babel/template@7.28.6 OK for: @babel/core@7.29.0 want: ^7.28.6
281 silly placeDep ROOT @babel/traverse@7.29.0 OK for: @babel/core@7.29.0 want: ^7.29.0
282 silly placeDep ROOT @babel/types@7.29.0 OK for: @babel/core@7.29.0 want: ^7.29.0
283 silly placeDep ROOT @jridgewell/remapping@2.3.5 OK for: @babel/core@7.29.0 want: ^2.3.5
284 silly placeDep ROOT convert-source-map@2.0.0 OK for: @babel/core@7.29.0 want: ^2.0.0
285 silly placeDep ROOT debug@4.4.3 OK for: @babel/core@7.29.0 want: ^4.1.0
286 silly placeDep ROOT gensync@1.0.0-beta.2 OK for: @babel/core@7.29.0 want: ^1.0.0-beta.2
287 silly placeDep ROOT json5@2.2.3 OK for: @babel/core@7.29.0 want: ^2.2.3
288 silly placeDep ROOT semver@6.3.1 OK for: @babel/core@7.29.0 want: ^6.3.1
289 silly fetch manifest js-tokens@^4.0.0
290 silly packumentCache full:https://registry.npmjs.org/js-tokens cache-miss
291 silly fetch manifest picocolors@^1.1.1
292 silly packumentCache full:https://registry.npmjs.org/picocolors cache-miss
293 silly fetch manifest @babel/helper-validator-identifier@^7.28.5
294 silly packumentCache full:https://registry.npmjs.org/@babel%2fhelper-validator-identifier cache-miss
295 silly fetch manifest jsesc@^3.0.2
296 silly packumentCache full:https://registry.npmjs.org/jsesc cache-miss
297 silly fetch manifest @jridgewell/gen-mapping@^0.3.12
298 silly packumentCache full:https://registry.npmjs.org/@jridgewell%2fgen-mapping cache-miss
299 silly fetch manifest @jridgewell/trace-mapping@^0.3.28
300 silly packumentCache full:https://registry.npmjs.org/@jridgewell%2ftrace-mapping cache-miss
301 silly fetch manifest lru-cache@^5.1.1
302 silly packumentCache full:https://registry.npmjs.org/lru-cache cache-miss
303 http fetch GET 200 https://registry.npmjs.org/picocolors 204ms (cache miss)
304 silly packumentCache full:https://registry.npmjs.org/picocolors set size:undefined disposed:false
305 silly fetch manifest browserslist@^4.24.0
306 silly packumentCache full:https://registry.npmjs.org/browserslist cache-miss
307 http fetch GET 200 https://registry.npmjs.org/js-tokens 219ms (cache miss)
308 silly packumentCache full:https://registry.npmjs.org/js-tokens set size:undefined disposed:false
309 silly fetch manifest @babel/compat-data@^7.28.6
310 silly packumentCache full:https://registry.npmjs.org/@babel%2fcompat-data cache-miss
311 http fetch GET 200 https://registry.npmjs.org/jsesc 226ms (cache miss)
312 silly packumentCache full:https://registry.npmjs.org/jsesc set size:undefined disposed:false
313 silly fetch manifest @babel/helper-validator-option@^7.27.1
314 silly packumentCache full:https://registry.npmjs.org/@babel%2fhelper-validator-option cache-miss
315 http fetch GET 200 https://registry.npmjs.org/@jridgewell%2fgen-mapping 238ms (cache miss)
316 silly packumentCache full:https://registry.npmjs.org/@jridgewell%2fgen-mapping set size:undefined disposed:false
317 silly fetch manifest @babel/traverse@^7.28.6
318 silly packumentCache full:https://registry.npmjs.org/@babel%2ftraverse cache-miss
319 http fetch GET 200 https://registry.npmjs.org/@babel%2fhelper-validator-identifier 251ms (cache miss)
320 silly packumentCache full:https://registry.npmjs.org/@babel%2fhelper-validator-identifier set size:undefined disposed:false
321 silly fetch manifest @babel/helper-module-imports@^7.28.6
322 silly packumentCache full:https://registry.npmjs.org/@babel%2fhelper-module-imports cache-miss
323 http fetch GET 200 https://registry.npmjs.org/@jridgewell%2ftrace-mapping 264ms (cache miss)
324 silly packumentCache full:https://registry.npmjs.org/@jridgewell%2ftrace-mapping set size:undefined disposed:false
325 silly fetch manifest @babel/types@^7.28.6
326 silly packumentCache full:https://registry.npmjs.org/@babel%2ftypes cache-hit
327 silly fetch manifest debug@^4.3.1
328 silly packumentCache full:https://registry.npmjs.org/debug cache-miss
329 http cache https://registry.npmjs.org/@babel%2ftraverse 59ms (cache hit)
330 silly packumentCache full:https://registry.npmjs.org/@babel%2ftraverse set size:548722 disposed:false
331 silly fetch manifest @babel/helper-globals@^7.28.0
332 silly packumentCache full:https://registry.npmjs.org/@babel%2fhelper-globals cache-miss
333 http fetch GET 200 https://registry.npmjs.org/lru-cache 330ms (cache miss)
334 silly packumentCache full:https://registry.npmjs.org/lru-cache set size:undefined disposed:false
335 silly fetch manifest @babel/helper-string-parser@^7.27.1
336 silly packumentCache full:https://registry.npmjs.org/@babel%2fhelper-string-parser cache-miss
337 http cache https://registry.npmjs.org/debug 100ms (cache hit)
338 silly packumentCache full:https://registry.npmjs.org/debug set size:195840 disposed:false
339 silly fetch manifest @jridgewell/gen-mapping@^0.3.5
340 silly packumentCache full:https://registry.npmjs.org/@jridgewell%2fgen-mapping cache-miss
341 http cache https://registry.npmjs.org/@jridgewell%2fgen-mapping 50ms (cache hit)
342 silly packumentCache full:https://registry.npmjs.org/@jridgewell%2fgen-mapping set size:80719 disposed:false
343 silly fetch manifest @jridgewell/trace-mapping@^0.3.24
344 silly packumentCache full:https://registry.npmjs.org/@jridgewell%2ftrace-mapping cache-miss
345 http fetch GET 200 https://registry.npmjs.org/@babel%2fhelper-validator-option 219ms (cache miss)
346 silly packumentCache full:https://registry.npmjs.org/@babel%2fhelper-validator-option set size:undefined disposed:false
347 silly fetch manifest ms@^2.1.3
348 silly packumentCache full:https://registry.npmjs.org/ms cache-miss
349 http fetch GET 200 https://registry.npmjs.org/@babel%2fhelper-module-imports 212ms (cache miss)
350 silly packumentCache full:https://registry.npmjs.org/@babel%2fhelper-module-imports set size:undefined disposed:false
351 http fetch GET 200 https://registry.npmjs.org/@babel%2fhelper-globals 161ms (cache miss)
352 silly packumentCache full:https://registry.npmjs.org/@babel%2fhelper-globals set size:undefined disposed:false
353 http fetch GET 200 https://registry.npmjs.org/@babel%2fcompat-data 263ms (cache miss)
354 silly packumentCache full:https://registry.npmjs.org/@babel%2fcompat-data set size:undefined disposed:false
355 http fetch GET 200 https://registry.npmjs.org/browserslist 289ms (cache miss)
356 silly packumentCache full:https://registry.npmjs.org/browserslist set size:undefined disposed:false
357 http cache https://registry.npmjs.org/@jridgewell%2ftrace-mapping 79ms (cache hit)
358 silly packumentCache full:https://registry.npmjs.org/@jridgewell%2ftrace-mapping set size:170909 disposed:false
359 http fetch GET 200 https://registry.npmjs.org/@babel%2fhelper-string-parser 173ms (cache miss)
360 silly packumentCache full:https://registry.npmjs.org/@babel%2fhelper-string-parser set size:undefined disposed:false
361 http fetch GET 200 https://registry.npmjs.org/ms 108ms (cache miss)
362 silly packumentCache full:https://registry.npmjs.org/ms set size:undefined disposed:false
363 silly placeDep ROOT @babel/helper-validator-identifier@7.28.5 OK for: @babel/code-frame@7.29.0 want: ^7.28.5
364 silly placeDep ROOT js-tokens@4.0.0 OK for: @babel/code-frame@7.29.0 want: ^4.0.0
365 silly placeDep ROOT picocolors@1.1.1 OK for: @babel/code-frame@7.29.0 want: ^1.1.1
366 silly placeDep ROOT @jridgewell/gen-mapping@0.3.13 OK for: @babel/generator@7.29.1 want: ^0.3.12
367 silly placeDep ROOT @jridgewell/trace-mapping@0.3.31 OK for: @babel/generator@7.29.1 want: ^0.3.28
368 silly placeDep ROOT jsesc@3.1.0 OK for: @babel/generator@7.29.1 want: ^3.0.2
369 silly fetch manifest @jridgewell/sourcemap-codec@^1.5.0
370 silly packumentCache full:https://registry.npmjs.org/@jridgewell%2fsourcemap-codec cache-miss
371 silly fetch manifest @jridgewell/resolve-uri@^3.1.0
372 silly packumentCache full:https://registry.npmjs.org/@jridgewell%2fresolve-uri cache-miss
373 silly fetch manifest @jridgewell/sourcemap-codec@^1.4.14
374 silly packumentCache full:https://registry.npmjs.org/@jridgewell%2fsourcemap-codec cache-miss
375 http fetch GET 200 https://registry.npmjs.org/@jridgewell%2fresolve-uri 247ms (cache miss)
376 silly packumentCache full:https://registry.npmjs.org/@jridgewell%2fresolve-uri set size:undefined disposed:false
377 http fetch GET 200 https://registry.npmjs.org/@jridgewell%2fsourcemap-codec 277ms (cache miss)
378 silly packumentCache full:https://registry.npmjs.org/@jridgewell%2fsourcemap-codec set size:undefined disposed:false
379 http fetch GET 200 https://registry.npmjs.org/@jridgewell%2fsourcemap-codec 268ms (cache miss)
380 silly packumentCache full:https://registry.npmjs.org/@jridgewell%2fsourcemap-codec set size:undefined disposed:false
381 silly placeDep ROOT @babel/compat-data@7.29.0 OK for: @babel/helper-compilation-targets@7.28.6 want: ^7.28.6
382 silly placeDep ROOT @babel/helper-validator-option@7.27.1 OK for: @babel/helper-compilation-targets@7.28.6 want: ^7.27.1
383 silly placeDep ROOT browserslist@4.28.1 OK for: @babel/helper-compilation-targets@7.28.6 want: ^4.24.0
384 silly placeDep ROOT lru-cache@5.1.1 OK for: @babel/helper-compilation-targets@7.28.6 want: ^5.1.1
385 silly fetch manifest baseline-browser-mapping@^2.9.0
386 silly packumentCache full:https://registry.npmjs.org/baseline-browser-mapping cache-miss
387 silly fetch manifest caniuse-lite@^1.0.30001759
388 silly packumentCache full:https://registry.npmjs.org/caniuse-lite cache-miss
389 silly fetch manifest electron-to-chromium@^1.5.263
390 silly packumentCache full:https://registry.npmjs.org/electron-to-chromium cache-miss
391 silly fetch manifest node-releases@^2.0.27
392 silly packumentCache full:https://registry.npmjs.org/node-releases cache-miss
393 silly fetch manifest update-browserslist-db@^1.2.0
394 silly packumentCache full:https://registry.npmjs.org/update-browserslist-db cache-miss
395 silly fetch manifest yallist@^3.0.2
396 silly packumentCache full:https://registry.npmjs.org/yallist cache-miss
397 http fetch GET 200 https://registry.npmjs.org/update-browserslist-db 195ms (cache miss)
398 silly packumentCache full:https://registry.npmjs.org/update-browserslist-db set size:undefined disposed:false
399 http fetch GET 200 https://registry.npmjs.org/yallist 209ms (cache miss)
400 silly packumentCache full:https://registry.npmjs.org/yallist set size:undefined disposed:false
401 http fetch GET 200 https://registry.npmjs.org/node-releases 245ms (cache miss)
402 silly packumentCache full:https://registry.npmjs.org/node-releases set size:undefined disposed:false
403 http fetch GET 200 https://registry.npmjs.org/baseline-browser-mapping 267ms (cache miss)
404 silly packumentCache full:https://registry.npmjs.org/baseline-browser-mapping set size:undefined disposed:false
405 http fetch GET 200 https://registry.npmjs.org/caniuse-lite 547ms (cache miss)
406 silly packumentCache full:https://registry.npmjs.org/caniuse-lite set size:undefined disposed:false
407 http fetch GET 200 https://registry.npmjs.org/electron-to-chromium 657ms (cache miss)
408 silly packumentCache full:https://registry.npmjs.org/electron-to-chromium set size:undefined disposed:false
409 silly placeDep ROOT @babel/helper-module-imports@7.28.6 OK for: @babel/helper-module-transforms@7.28.6 want: ^7.28.6
410 silly placeDep ROOT @babel/helper-plugin-utils@7.28.6 OK for: @babel/plugin-transform-react-jsx-self@7.27.1 want: ^7.27.1
411 silly placeDep ROOT @babel/helper-globals@7.28.0 OK for: @babel/traverse@7.29.0 want: ^7.28.0
412 silly placeDep ROOT @babel/helper-string-parser@7.27.1 OK for: @babel/types@7.29.0 want: ^7.27.1
413 silly placeDep ROOT @jridgewell/sourcemap-codec@1.5.5 OK for: @jridgewell/gen-mapping@0.3.13 want: ^1.5.0
414 silly placeDep ROOT @jridgewell/resolve-uri@3.1.2 OK for: @jridgewell/trace-mapping@0.3.31 want: ^3.1.0
415 silly placeDep ROOT @types/babel__generator@7.27.0 OK for: @types/babel__core@7.20.5 want: *
416 silly placeDep ROOT @types/babel__template@7.4.4 OK for: @types/babel__core@7.20.5 want: *
417 silly placeDep ROOT @types/babel__traverse@7.28.0 OK for: @types/babel__core@7.20.5 want: *
418 silly fetch manifest browserslist@>= 4.21.0
419 silly packumentCache full:https://registry.npmjs.org/browserslist cache-miss
420 http cache https://registry.npmjs.org/browserslist 12ms (cache hit)
421 silly packumentCache full:https://registry.npmjs.org/browserslist set size:502989 disposed:false
422 silly placeDep ROOT baseline-browser-mapping@2.10.11 OK for: browserslist@4.28.1 want: ^2.9.0
423 silly placeDep ROOT caniuse-lite@1.0.30001781 OK for: browserslist@4.28.1 want: ^1.0.30001759
424 silly placeDep ROOT electron-to-chromium@1.5.328 OK for: browserslist@4.28.1 want: ^1.5.263
425 silly placeDep ROOT node-releases@2.0.36 OK for: browserslist@4.28.1 want: ^2.0.27
426 silly placeDep ROOT update-browserslist-db@1.2.3 OK for: browserslist@4.28.1 want: ^1.2.0
427 silly fetch manifest escalade@^3.2.0
428 silly packumentCache full:https://registry.npmjs.org/escalade cache-miss
429 http fetch GET 200 https://registry.npmjs.org/escalade 87ms (cache miss)
430 silly packumentCache full:https://registry.npmjs.org/escalade set size:undefined disposed:false
431 silly placeDep ROOT ms@2.1.3 OK for: debug@4.4.3 want: ^2.1.3
432 silly placeDep ROOT motion-dom@12.38.0 OK for: framer-motion@12.38.0 want: ^12.38.0
433 silly placeDep ROOT motion-utils@12.36.0 OK for: framer-motion@12.38.0 want: ^12.36.0
434 silly placeDep ROOT tslib@2.8.1 OK for: framer-motion@12.38.0 want: ^2.4.0
435 silly placeDep ROOT yallist@3.1.1 OK for: lru-cache@5.1.1 want: ^3.0.2
436 silly placeDep ROOT scheduler@0.27.0 OK for: react-dom@19.2.4 want: ^0.27.0
437 silly placeDep ROOT escalade@3.2.0 OK for: update-browserslist-db@1.2.3 want: ^3.2.0
438 silly placeDep ROOT esbuild@0.25.12 OK for: vite@6.4.1 want: ^0.25.0
439 silly placeDep ROOT fdir@6.5.0 OK for: vite@6.4.1 want: ^6.4.4
440 silly placeDep ROOT fsevents@2.3.3 OK for: vite@6.4.1 want: ~2.3.3
441 silly placeDep ROOT picomatch@4.0.4 OK for: vite@6.4.1 want: ^4.0.2
442 silly placeDep ROOT postcss@8.5.8 OK for: vite@6.4.1 want: ^8.5.3
443 silly placeDep ROOT rollup@4.60.0 OK for: vite@6.4.1 want: ^4.34.9
444 silly placeDep ROOT tinyglobby@0.2.15 OK for: vite@6.4.1 want: ^0.2.13
445 silly fetch manifest @esbuild/aix-ppc64@0.25.12
446 silly packumentCache full:https://registry.npmjs.org/@esbuild%2faix-ppc64 cache-miss
447 silly fetch manifest @esbuild/linux-arm@0.25.12
448 silly packumentCache full:https://registry.npmjs.org/@esbuild%2flinux-arm cache-miss
449 silly fetch manifest @esbuild/linux-x64@0.25.12
450 silly packumentCache full:https://registry.npmjs.org/@esbuild%2flinux-x64 cache-miss
451 silly fetch manifest @esbuild/sunos-x64@0.25.12
452 silly packumentCache full:https://registry.npmjs.org/@esbuild%2fsunos-x64 cache-miss
453 silly fetch manifest @esbuild/win32-x64@0.25.12
454 silly packumentCache full:https://registry.npmjs.org/@esbuild%2fwin32-x64 cache-miss
455 silly fetch manifest @esbuild/darwin-x64@0.25.12
456 silly packumentCache full:https://registry.npmjs.org/@esbuild%2fdarwin-x64 cache-miss
457 silly fetch manifest @esbuild/linux-ia32@0.25.12
458 silly packumentCache full:https://registry.npmjs.org/@esbuild%2flinux-ia32 cache-miss
459 http fetch GET 200 https://registry.npmjs.org/@esbuild%2flinux-ia32 165ms (cache miss)
460 silly packumentCache full:https://registry.npmjs.org/@esbuild%2flinux-ia32 set size:undefined disposed:false
461 silly fetch manifest @esbuild/netbsd-x64@0.25.12
462 silly packumentCache full:https://registry.npmjs.org/@esbuild%2fnetbsd-x64 cache-miss
463 http fetch GET 200 https://registry.npmjs.org/@esbuild%2faix-ppc64 182ms (cache miss)
464 silly packumentCache full:https://registry.npmjs.org/@esbuild%2faix-ppc64 set size:undefined disposed:false
465 silly fetch manifest @esbuild/win32-ia32@0.25.12
466 silly packumentCache full:https://registry.npmjs.org/@esbuild%2fwin32-ia32 cache-miss
467 http fetch GET 200 https://registry.npmjs.org/@esbuild%2fdarwin-x64 182ms (cache miss)
468 silly packumentCache full:https://registry.npmjs.org/@esbuild%2fdarwin-x64 set size:undefined disposed:false
469 silly fetch manifest @esbuild/android-arm@0.25.12
470 silly packumentCache full:https://registry.npmjs.org/@esbuild%2fandroid-arm cache-miss
471 http fetch GET 200 https://registry.npmjs.org/@esbuild%2flinux-x64 198ms (cache miss)
472 silly packumentCache full:https://registry.npmjs.org/@esbuild%2flinux-x64 set size:undefined disposed:false
473 silly fetch manifest @esbuild/android-x64@0.25.12
474 silly packumentCache full:https://registry.npmjs.org/@esbuild%2fandroid-x64 cache-miss
475 http fetch GET 200 https://registry.npmjs.org/@esbuild%2flinux-arm 204ms (cache miss)
476 silly packumentCache full:https://registry.npmjs.org/@esbuild%2flinux-arm set size:undefined disposed:false
477 silly fetch manifest @esbuild/freebsd-x64@0.25.12
478 silly packumentCache full:https://registry.npmjs.org/@esbuild%2ffreebsd-x64 cache-miss
479 http fetch GET 200 https://registry.npmjs.org/@esbuild%2fwin32-x64 208ms (cache miss)
480 silly packumentCache full:https://registry.npmjs.org/@esbuild%2fwin32-x64 set size:undefined disposed:false
481 silly fetch manifest @esbuild/linux-arm64@0.25.12
482 silly packumentCache full:https://registry.npmjs.org/@esbuild%2flinux-arm64 cache-miss
483 http fetch GET 200 https://registry.npmjs.org/@esbuild%2fsunos-x64 217ms (cache miss)
484 silly packumentCache full:https://registry.npmjs.org/@esbuild%2fsunos-x64 set size:undefined disposed:false
485 silly fetch manifest @esbuild/linux-ppc64@0.25.12
486 silly packumentCache full:https://registry.npmjs.org/@esbuild%2flinux-ppc64 cache-miss
487 http fetch GET 200 https://registry.npmjs.org/@esbuild%2fnetbsd-x64 136ms (cache miss)
488 silly packumentCache full:https://registry.npmjs.org/@esbuild%2fnetbsd-x64 set size:undefined disposed:false
489 silly fetch manifest @esbuild/linux-s390x@0.25.12
490 silly packumentCache full:https://registry.npmjs.org/@esbuild%2flinux-s390x cache-miss
491 http fetch GET 200 https://registry.npmjs.org/@esbuild%2fwin32-ia32 181ms (cache miss)
492 silly packumentCache full:https://registry.npmjs.org/@esbuild%2fwin32-ia32 set size:undefined disposed:false
493 silly fetch manifest @esbuild/openbsd-x64@0.25.12
494 silly packumentCache full:https://registry.npmjs.org/@esbuild%2fopenbsd-x64 cache-miss
495 http fetch GET 200 https://registry.npmjs.org/@esbuild%2fandroid-arm 194ms (cache miss)
496 silly packumentCache full:https://registry.npmjs.org/@esbuild%2fandroid-arm set size:undefined disposed:false
497 silly fetch manifest @esbuild/win32-arm64@0.25.12
498 silly packumentCache full:https://registry.npmjs.org/@esbuild%2fwin32-arm64 cache-miss
499 http fetch GET 200 https://registry.npmjs.org/@esbuild%2fandroid-x64 202ms (cache miss)
500 silly packumentCache full:https://registry.npmjs.org/@esbuild%2fandroid-x64 set size:undefined disposed:false
501 silly fetch manifest @esbuild/darwin-arm64@0.25.12
502 silly packumentCache full:https://registry.npmjs.org/@esbuild%2fdarwin-arm64 cache-miss
503 http fetch GET 200 https://registry.npmjs.org/@esbuild%2ffreebsd-x64 210ms (cache miss)
504 silly packumentCache full:https://registry.npmjs.org/@esbuild%2ffreebsd-x64 set size:undefined disposed:false
505 silly fetch manifest @esbuild/netbsd-arm64@0.25.12
506 silly packumentCache full:https://registry.npmjs.org/@esbuild%2fnetbsd-arm64 cache-miss
507 http fetch GET 200 https://registry.npmjs.org/@esbuild%2flinux-arm64 217ms (cache miss)
508 silly packumentCache full:https://registry.npmjs.org/@esbuild%2flinux-arm64 set size:undefined disposed:false
509 silly fetch manifest @esbuild/android-arm64@0.25.12
510 silly packumentCache full:https://registry.npmjs.org/@esbuild%2fandroid-arm64 cache-miss
511 http fetch GET 200 https://registry.npmjs.org/@esbuild%2flinux-ppc64 233ms (cache miss)
512 silly packumentCache full:https://registry.npmjs.org/@esbuild%2flinux-ppc64 set size:undefined disposed:false
513 silly fetch manifest @esbuild/freebsd-arm64@0.25.12
514 silly packumentCache full:https://registry.npmjs.org/@esbuild%2ffreebsd-arm64 cache-miss
515 http fetch GET 200 https://registry.npmjs.org/@esbuild%2flinux-s390x 158ms (cache miss)
516 silly packumentCache full:https://registry.npmjs.org/@esbuild%2flinux-s390x set size:undefined disposed:false
517 silly fetch manifest @esbuild/linux-loong64@0.25.12
518 silly packumentCache full:https://registry.npmjs.org/@esbuild%2flinux-loong64 cache-miss
519 http fetch GET 200 https://registry.npmjs.org/@esbuild%2fopenbsd-x64 137ms (cache miss)
520 silly packumentCache full:https://registry.npmjs.org/@esbuild%2fopenbsd-x64 set size:undefined disposed:false
521 silly fetch manifest @esbuild/linux-riscv64@0.25.12
522 silly packumentCache full:https://registry.npmjs.org/@esbuild%2flinux-riscv64 cache-miss
523 http fetch GET 200 https://registry.npmjs.org/@esbuild%2fdarwin-arm64 138ms (cache miss)
524 silly packumentCache full:https://registry.npmjs.org/@esbuild%2fdarwin-arm64 set size:undefined disposed:false
525 silly fetch manifest @esbuild/openbsd-arm64@0.25.12
526 silly packumentCache full:https://registry.npmjs.org/@esbuild%2fopenbsd-arm64 cache-miss
527 http fetch GET 200 https://registry.npmjs.org/@esbuild%2fnetbsd-arm64 138ms (cache miss)
528 silly packumentCache full:https://registry.npmjs.org/@esbuild%2fnetbsd-arm64 set size:undefined disposed:false
529 silly fetch manifest @esbuild/linux-mips64el@0.25.12
530 silly packumentCache full:https://registry.npmjs.org/@esbuild%2flinux-mips64el cache-miss
531 http fetch GET 200 https://registry.npmjs.org/@esbuild%2fwin32-arm64 185ms (cache miss)
532 silly packumentCache full:https://registry.npmjs.org/@esbuild%2fwin32-arm64 set size:undefined disposed:false
533 silly fetch manifest @esbuild/openharmony-arm64@0.25.12
534 silly packumentCache full:https://registry.npmjs.org/@esbuild%2fopenharmony-arm64 cache-miss
535 http fetch GET 200 https://registry.npmjs.org/@esbuild%2fandroid-arm64 153ms (cache miss)
536 silly packumentCache full:https://registry.npmjs.org/@esbuild%2fandroid-arm64 set size:undefined disposed:false
537 silly fetch manifest nanoid@^3.3.11
538 silly packumentCache full:https://registry.npmjs.org/nanoid cache-miss
539 http fetch GET 200 https://registry.npmjs.org/@esbuild%2ffreebsd-arm64 170ms (cache miss)
540 silly packumentCache full:https://registry.npmjs.org/@esbuild%2ffreebsd-arm64 set size:undefined disposed:false
541 silly fetch manifest source-map-js@^1.2.1
542 silly packumentCache full:https://registry.npmjs.org/source-map-js cache-miss
543 http fetch GET 200 https://registry.npmjs.org/@esbuild%2flinux-riscv64 133ms (cache miss)
544 silly packumentCache full:https://registry.npmjs.org/@esbuild%2flinux-riscv64 set size:undefined disposed:false
545 silly fetch manifest @types/estree@1.0.8
546 silly packumentCache full:https://registry.npmjs.org/@types%2festree cache-miss
547 http fetch GET 200 https://registry.npmjs.org/@esbuild%2flinux-loong64 176ms (cache miss)
548 silly packumentCache full:https://registry.npmjs.org/@esbuild%2flinux-loong64 set size:undefined disposed:false
549 silly fetch manifest @rollup/rollup-darwin-arm64@4.60.0
550 silly packumentCache full:https://registry.npmjs.org/@rollup%2frollup-darwin-arm64 cache-miss
551 http fetch GET 200 https://registry.npmjs.org/@esbuild%2fopenbsd-arm64 139ms (cache miss)
552 silly packumentCache full:https://registry.npmjs.org/@esbuild%2fopenbsd-arm64 set size:undefined disposed:false
553 silly fetch manifest @rollup/rollup-android-arm64@4.60.0
554 silly packumentCache full:https://registry.npmjs.org/@rollup%2frollup-android-arm64 cache-miss
555 http fetch GET 200 https://registry.npmjs.org/@esbuild%2fopenharmony-arm64 117ms (cache miss)
556 silly packumentCache full:https://registry.npmjs.org/@esbuild%2fopenharmony-arm64 set size:undefined disposed:false
557 silly fetch manifest @rollup/rollup-win32-arm64-msvc@4.60.0
558 silly packumentCache full:https://registry.npmjs.org/@rollup%2frollup-win32-arm64-msvc cache-miss
559 http fetch GET 200 https://registry.npmjs.org/@esbuild%2flinux-mips64el 147ms (cache miss)
560 silly packumentCache full:https://registry.npmjs.org/@esbuild%2flinux-mips64el set size:undefined disposed:false
561 silly fetch manifest @rollup/rollup-freebsd-arm64@4.60.0
562 silly packumentCache full:https://registry.npmjs.org/@rollup%2frollup-freebsd-arm64 cache-miss
563 http fetch GET 200 https://registry.npmjs.org/source-map-js 99ms (cache miss)
564 silly packumentCache full:https://registry.npmjs.org/source-map-js set size:undefined disposed:false
565 silly fetch manifest @rollup/rollup-linux-arm64-gnu@4.60.0
566 silly packumentCache full:https://registry.npmjs.org/@rollup%2frollup-linux-arm64-gnu cache-miss
567 http fetch GET 200 https://registry.npmjs.org/nanoid 148ms (cache miss)
568 silly packumentCache full:https://registry.npmjs.org/nanoid set size:undefined disposed:false
569 silly fetch manifest @rollup/rollup-linux-arm64-musl@4.60.0
570 silly packumentCache full:https://registry.npmjs.org/@rollup%2frollup-linux-arm64-musl cache-miss
571 http fetch GET 200 https://registry.npmjs.org/@types%2festree 129ms (cache miss)
572 silly packumentCache full:https://registry.npmjs.org/@types%2festree set size:undefined disposed:false
573 silly fetch manifest @rollup/rollup-android-arm-eabi@4.60.0
574 silly packumentCache full:https://registry.npmjs.org/@rollup%2frollup-android-arm-eabi cache-miss
575 http fetch GET 200 https://registry.npmjs.org/@rollup%2frollup-darwin-arm64 127ms (cache miss)
576 silly packumentCache full:https://registry.npmjs.org/@rollup%2frollup-darwin-arm64 set size:undefined disposed:false
577 silly fetch manifest @rollup/rollup-linux-arm-gnueabihf@4.60.0
578 silly packumentCache full:https://registry.npmjs.org/@rollup%2frollup-linux-arm-gnueabihf cache-miss
579 http fetch GET 200 https://registry.npmjs.org/@rollup%2frollup-freebsd-arm64 118ms (cache miss)
580 silly packumentCache full:https://registry.npmjs.org/@rollup%2frollup-freebsd-arm64 set size:undefined disposed:false
581 silly fetch manifest @rollup/rollup-linux-arm-musleabihf@4.60.0
582 silly packumentCache full:https://registry.npmjs.org/@rollup%2frollup-linux-arm-musleabihf cache-miss
583 http fetch GET 200 https://registry.npmjs.org/@rollup%2frollup-win32-arm64-msvc 139ms (cache miss)
584 silly packumentCache full:https://registry.npmjs.org/@rollup%2frollup-win32-arm64-msvc set size:undefined disposed:false
585 silly fetch manifest @rollup/rollup-win32-ia32-msvc@4.60.0
586 silly packumentCache full:https://registry.npmjs.org/@rollup%2frollup-win32-ia32-msvc cache-miss
587 http fetch GET 200 https://registry.npmjs.org/@rollup%2frollup-android-arm64 184ms (cache miss)
588 silly packumentCache full:https://registry.npmjs.org/@rollup%2frollup-android-arm64 set size:undefined disposed:false
589 silly fetch manifest @rollup/rollup-linux-loong64-gnu@4.60.0
590 silly packumentCache full:https://registry.npmjs.org/@rollup%2frollup-linux-loong64-gnu cache-miss
591 http fetch GET 200 https://registry.npmjs.org/@rollup%2frollup-linux-arm64-gnu 249ms (cache miss)
592 silly packumentCache full:https://registry.npmjs.org/@rollup%2frollup-linux-arm64-gnu set size:undefined disposed:false
593 silly fetch manifest @rollup/rollup-linux-loong64-musl@4.60.0
594 silly packumentCache full:https://registry.npmjs.org/@rollup%2frollup-linux-loong64-musl cache-miss
595 http fetch GET 200 https://registry.npmjs.org/@rollup%2frollup-linux-arm64-musl 262ms (cache miss)
596 silly packumentCache full:https://registry.npmjs.org/@rollup%2frollup-linux-arm64-musl set size:undefined disposed:false
597 silly fetch manifest @rollup/rollup-linux-riscv64-gnu@4.60.0
598 silly packumentCache full:https://registry.npmjs.org/@rollup%2frollup-linux-riscv64-gnu cache-miss
599 http fetch GET 200 https://registry.npmjs.org/@rollup%2frollup-linux-arm-gnueabihf 235ms (cache miss)
600 silly packumentCache full:https://registry.npmjs.org/@rollup%2frollup-linux-arm-gnueabihf set size:undefined disposed:false
601 silly fetch manifest @rollup/rollup-linux-riscv64-musl@4.60.0
602 silly packumentCache full:https://registry.npmjs.org/@rollup%2frollup-linux-riscv64-musl cache-miss
603 http fetch GET 200 https://registry.npmjs.org/@rollup%2frollup-android-arm-eabi 275ms (cache miss)
604 silly packumentCache full:https://registry.npmjs.org/@rollup%2frollup-android-arm-eabi set size:undefined disposed:false
605 silly fetch manifest @rollup/rollup-linux-ppc64-gnu@4.60.0
606 silly packumentCache full:https://registry.npmjs.org/@rollup%2frollup-linux-ppc64-gnu cache-miss
607 http fetch GET 200 https://registry.npmjs.org/@rollup%2frollup-linux-loong64-gnu 197ms (cache miss)
608 silly packumentCache full:https://registry.npmjs.org/@rollup%2frollup-linux-loong64-gnu set size:undefined disposed:false
609 silly fetch manifest @rollup/rollup-linux-ppc64-musl@4.60.0
610 silly packumentCache full:https://registry.npmjs.org/@rollup%2frollup-linux-ppc64-musl cache-miss
611 http fetch GET 200 https://registry.npmjs.org/@rollup%2frollup-linux-arm-musleabihf 257ms (cache miss)
612 silly packumentCache full:https://registry.npmjs.org/@rollup%2frollup-linux-arm-musleabihf set size:undefined disposed:false
613 silly fetch manifest @rollup/rollup-linux-s390x-gnu@4.60.0
614 silly packumentCache full:https://registry.npmjs.org/@rollup%2frollup-linux-s390x-gnu cache-miss
615 http fetch GET 200 https://registry.npmjs.org/@rollup%2frollup-win32-ia32-msvc 261ms (cache miss)
616 silly packumentCache full:https://registry.npmjs.org/@rollup%2frollup-win32-ia32-msvc set size:undefined disposed:false
617 silly fetch manifest @rollup/rollup-darwin-x64@4.60.0
618 silly packumentCache full:https://registry.npmjs.org/@rollup%2frollup-darwin-x64 cache-miss
619 http fetch GET 200 https://registry.npmjs.org/@rollup%2frollup-linux-loong64-musl 126ms (cache miss)
620 silly packumentCache full:https://registry.npmjs.org/@rollup%2frollup-linux-loong64-musl set size:undefined disposed:false
621 silly fetch manifest @rollup/rollup-win32-x64-gnu@4.60.0
622 silly packumentCache full:https://registry.npmjs.org/@rollup%2frollup-win32-x64-gnu cache-miss
623 http fetch GET 200 https://registry.npmjs.org/@rollup%2frollup-linux-riscv64-musl 119ms (cache miss)
624 silly packumentCache full:https://registry.npmjs.org/@rollup%2frollup-linux-riscv64-musl set size:undefined disposed:false
625 silly fetch manifest @rollup/rollup-win32-x64-msvc@4.60.0
626 silly packumentCache full:https://registry.npmjs.org/@rollup%2frollup-win32-x64-msvc cache-miss
627 http fetch GET 200 https://registry.npmjs.org/@rollup%2frollup-linux-riscv64-gnu 142ms (cache miss)
628 silly packumentCache full:https://registry.npmjs.org/@rollup%2frollup-linux-riscv64-gnu set size:undefined disposed:false
629 silly fetch manifest @rollup/rollup-freebsd-x64@4.60.0
630 silly packumentCache full:https://registry.npmjs.org/@rollup%2frollup-freebsd-x64 cache-miss
631 http fetch GET 200 https://registry.npmjs.org/@rollup%2frollup-linux-ppc64-musl 130ms (cache miss)
632 silly packumentCache full:https://registry.npmjs.org/@rollup%2frollup-linux-ppc64-musl set size:undefined disposed:false
633 silly fetch manifest @rollup/rollup-linux-x64-gnu@4.60.0
634 silly packumentCache full:https://registry.npmjs.org/@rollup%2frollup-linux-x64-gnu cache-miss
635 http fetch GET 200 https://registry.npmjs.org/@rollup%2frollup-linux-ppc64-gnu 161ms (cache miss)
636 silly packumentCache full:https://registry.npmjs.org/@rollup%2frollup-linux-ppc64-gnu set size:undefined disposed:false
637 silly fetch manifest @rollup/rollup-linux-x64-musl@4.60.0
638 silly packumentCache full:https://registry.npmjs.org/@rollup%2frollup-linux-x64-musl cache-miss
639 http fetch GET 200 https://registry.npmjs.org/@rollup%2frollup-linux-s390x-gnu 135ms (cache miss)
640 silly packumentCache full:https://registry.npmjs.org/@rollup%2frollup-linux-s390x-gnu set size:undefined disposed:false
641 silly fetch manifest @rollup/rollup-openbsd-x64@4.60.0
642 silly packumentCache full:https://registry.npmjs.org/@rollup%2frollup-openbsd-x64 cache-miss
643 http fetch GET 200 https://registry.npmjs.org/@rollup%2frollup-win32-x64-gnu 156ms (cache miss)
644 silly packumentCache full:https://registry.npmjs.org/@rollup%2frollup-win32-x64-gnu set size:undefined disposed:false
645 silly fetch manifest @rollup/rollup-openharmony-arm64@4.60.0
646 silly packumentCache full:https://registry.npmjs.org/@rollup%2frollup-openharmony-arm64 cache-miss
647 http fetch GET 200 https://registry.npmjs.org/@rollup%2frollup-darwin-x64 180ms (cache miss)
648 silly packumentCache full:https://registry.npmjs.org/@rollup%2frollup-darwin-x64 set size:undefined disposed:false
649 http fetch GET 200 https://registry.npmjs.org/@rollup%2frollup-win32-x64-msvc 151ms (cache miss)
650 silly packumentCache full:https://registry.npmjs.org/@rollup%2frollup-win32-x64-msvc set size:undefined disposed:false
651 http fetch GET 200 https://registry.npmjs.org/@rollup%2frollup-freebsd-x64 147ms (cache miss)
652 silly packumentCache full:https://registry.npmjs.org/@rollup%2frollup-freebsd-x64 set size:undefined disposed:false
653 http fetch GET 200 https://registry.npmjs.org/@rollup%2frollup-openbsd-x64 130ms (cache miss)
654 silly packumentCache full:https://registry.npmjs.org/@rollup%2frollup-openbsd-x64 set size:undefined disposed:false
655 http fetch GET 200 https://registry.npmjs.org/@rollup%2frollup-linux-x64-gnu 165ms (cache miss)
656 silly packumentCache full:https://registry.npmjs.org/@rollup%2frollup-linux-x64-gnu set size:undefined disposed:false
657 http fetch GET 200 https://registry.npmjs.org/@rollup%2frollup-linux-x64-musl 186ms (cache miss)
658 silly packumentCache full:https://registry.npmjs.org/@rollup%2frollup-linux-x64-musl set size:undefined disposed:false
659 http fetch GET 200 https://registry.npmjs.org/@rollup%2frollup-openharmony-arm64 168ms (cache miss)
660 silly packumentCache full:https://registry.npmjs.org/@rollup%2frollup-openharmony-arm64 set size:undefined disposed:false
661 silly placeDep ROOT @esbuild/aix-ppc64@0.25.12 OK for: esbuild@0.25.12 want: 0.25.12
662 silly placeDep ROOT @esbuild/android-arm@0.25.12 OK for: esbuild@0.25.12 want: 0.25.12
663 silly placeDep ROOT @esbuild/android-arm64@0.25.12 OK for: esbuild@0.25.12 want: 0.25.12
664 silly placeDep ROOT @esbuild/android-x64@0.25.12 OK for: esbuild@0.25.12 want: 0.25.12
665 silly placeDep ROOT @esbuild/darwin-arm64@0.25.12 OK for: esbuild@0.25.12 want: 0.25.12
666 silly placeDep ROOT @esbuild/darwin-x64@0.25.12 OK for: esbuild@0.25.12 want: 0.25.12
667 silly placeDep ROOT @esbuild/freebsd-arm64@0.25.12 OK for: esbuild@0.25.12 want: 0.25.12
668 silly placeDep ROOT @esbuild/freebsd-x64@0.25.12 OK for: esbuild@0.25.12 want: 0.25.12
669 silly placeDep ROOT @esbuild/linux-arm@0.25.12 OK for: esbuild@0.25.12 want: 0.25.12
670 silly placeDep ROOT @esbuild/linux-arm64@0.25.12 OK for: esbuild@0.25.12 want: 0.25.12
671 silly placeDep ROOT @esbuild/linux-ia32@0.25.12 OK for: esbuild@0.25.12 want: 0.25.12
672 silly placeDep ROOT @esbuild/linux-loong64@0.25.12 OK for: esbuild@0.25.12 want: 0.25.12
673 silly placeDep ROOT @esbuild/linux-mips64el@0.25.12 OK for: esbuild@0.25.12 want: 0.25.12
674 silly placeDep ROOT @esbuild/linux-ppc64@0.25.12 OK for: esbuild@0.25.12 want: 0.25.12
675 silly placeDep ROOT @esbuild/linux-riscv64@0.25.12 OK for: esbuild@0.25.12 want: 0.25.12
676 silly placeDep ROOT @esbuild/linux-s390x@0.25.12 OK for: esbuild@0.25.12 want: 0.25.12
677 silly placeDep ROOT @esbuild/linux-x64@0.25.12 OK for: esbuild@0.25.12 want: 0.25.12
678 silly placeDep ROOT @esbuild/netbsd-arm64@0.25.12 OK for: esbuild@0.25.12 want: 0.25.12
679 silly placeDep ROOT @esbuild/netbsd-x64@0.25.12 OK for: esbuild@0.25.12 want: 0.25.12
680 silly placeDep ROOT @esbuild/openbsd-arm64@0.25.12 OK for: esbuild@0.25.12 want: 0.25.12
681 silly placeDep ROOT @esbuild/openbsd-x64@0.25.12 OK for: esbuild@0.25.12 want: 0.25.12
682 silly placeDep ROOT @esbuild/openharmony-arm64@0.25.12 OK for: esbuild@0.25.12 want: 0.25.12
683 silly placeDep ROOT @esbuild/sunos-x64@0.25.12 OK for: esbuild@0.25.12 want: 0.25.12
684 silly placeDep ROOT @esbuild/win32-arm64@0.25.12 OK for: esbuild@0.25.12 want: 0.25.12
685 silly placeDep ROOT @esbuild/win32-ia32@0.25.12 OK for: esbuild@0.25.12 want: 0.25.12
686 silly placeDep ROOT @esbuild/win32-x64@0.25.12 OK for: esbuild@0.25.12 want: 0.25.12
687 silly placeDep ROOT nanoid@3.3.11 OK for: postcss@8.5.8 want: ^3.3.11
688 silly placeDep ROOT source-map-js@1.2.1 OK for: postcss@8.5.8 want: ^1.2.1
689 silly placeDep ROOT @rollup/rollup-android-arm-eabi@4.60.0 OK for: rollup@4.60.0 want: 4.60.0
690 silly placeDep ROOT @rollup/rollup-android-arm64@4.60.0 OK for: rollup@4.60.0 want: 4.60.0
691 silly placeDep ROOT @rollup/rollup-darwin-arm64@4.60.0 OK for: rollup@4.60.0 want: 4.60.0
692 silly placeDep ROOT @rollup/rollup-darwin-x64@4.60.0 OK for: rollup@4.60.0 want: 4.60.0
693 silly placeDep ROOT @rollup/rollup-freebsd-arm64@4.60.0 OK for: rollup@4.60.0 want: 4.60.0
694 silly placeDep ROOT @rollup/rollup-freebsd-x64@4.60.0 OK for: rollup@4.60.0 want: 4.60.0
695 silly placeDep ROOT @rollup/rollup-linux-arm-gnueabihf@4.60.0 OK for: rollup@4.60.0 want: 4.60.0
696 silly placeDep ROOT @rollup/rollup-linux-arm-musleabihf@4.60.0 OK for: rollup@4.60.0 want: 4.60.0
697 silly placeDep ROOT @rollup/rollup-linux-arm64-gnu@4.60.0 OK for: rollup@4.60.0 want: 4.60.0
698 silly placeDep ROOT @rollup/rollup-linux-arm64-musl@4.60.0 OK for: rollup@4.60.0 want: 4.60.0
699 silly placeDep ROOT @rollup/rollup-linux-loong64-gnu@4.60.0 OK for: rollup@4.60.0 want: 4.60.0
700 silly placeDep ROOT @rollup/rollup-linux-loong64-musl@4.60.0 OK for: rollup@4.60.0 want: 4.60.0
701 silly placeDep ROOT @rollup/rollup-linux-ppc64-gnu@4.60.0 OK for: rollup@4.60.0 want: 4.60.0
702 silly placeDep ROOT @rollup/rollup-linux-ppc64-musl@4.60.0 OK for: rollup@4.60.0 want: 4.60.0
703 silly placeDep ROOT @rollup/rollup-linux-riscv64-gnu@4.60.0 OK for: rollup@4.60.0 want: 4.60.0
704 silly placeDep ROOT @rollup/rollup-linux-riscv64-musl@4.60.0 OK for: rollup@4.60.0 want: 4.60.0
705 silly placeDep ROOT @rollup/rollup-linux-s390x-gnu@4.60.0 OK for: rollup@4.60.0 want: 4.60.0
706 silly placeDep ROOT @rollup/rollup-linux-x64-gnu@4.60.0 OK for: rollup@4.60.0 want: 4.60.0
707 silly placeDep ROOT @rollup/rollup-linux-x64-musl@4.60.0 OK for: rollup@4.60.0 want: 4.60.0
708 silly placeDep ROOT @rollup/rollup-openbsd-x64@4.60.0 OK for: rollup@4.60.0 want: 4.60.0
709 silly placeDep ROOT @rollup/rollup-openharmony-arm64@4.60.0 OK for: rollup@4.60.0 want: 4.60.0
710 silly placeDep ROOT @rollup/rollup-win32-arm64-msvc@4.60.0 OK for: rollup@4.60.0 want: 4.60.0
711 silly placeDep ROOT @rollup/rollup-win32-ia32-msvc@4.60.0 OK for: rollup@4.60.0 want: 4.60.0
712 silly placeDep ROOT @rollup/rollup-win32-x64-gnu@4.60.0 OK for: rollup@4.60.0 want: 4.60.0
713 silly placeDep ROOT @rollup/rollup-win32-x64-msvc@4.60.0 OK for: rollup@4.60.0 want: 4.60.0
714 silly placeDep ROOT @types/estree@1.0.8 OK for: rollup@4.60.0 want: 1.0.8
715 silly reify moves {}
716 http cache @rollup/rollup-win32-x64-msvc@https://registry.npmjs.org/@rollup/rollup-win32-x64-msvc/-/rollup-win32-x64-msvc-4.60.0.tgz 1ms (cache hit)
717 http cache @types/estree@https://registry.npmjs.org/@types/estree/-/estree-1.0.8.tgz 0ms (cache hit)
718 http cache nanoid@https://registry.npmjs.org/nanoid/-/nanoid-3.3.11.tgz 0ms (cache hit)
719 http cache @rollup/rollup-win32-x64-gnu@https://registry.npmjs.org/@rollup/rollup-win32-x64-gnu/-/rollup-win32-x64-gnu-4.60.0.tgz 0ms (cache hit)
720 http cache source-map-js@https://registry.npmjs.org/source-map-js/-/source-map-js-1.2.1.tgz 0ms (cache hit)
721 http cache @esbuild/win32-x64@https://registry.npmjs.org/@esbuild/win32-x64/-/win32-x64-0.25.12.tgz 0ms (cache hit)
722 http cache postcss@https://registry.npmjs.org/postcss/-/postcss-8.5.8.tgz 0ms (cache hit)
723 http cache tinyglobby@https://registry.npmjs.org/tinyglobby/-/tinyglobby-0.2.15.tgz 0ms (cache hit)
724 http cache rollup@https://registry.npmjs.org/rollup/-/rollup-4.60.0.tgz 0ms (cache hit)
725 http cache esbuild@https://registry.npmjs.org/esbuild/-/esbuild-0.25.12.tgz 0ms (cache hit)
726 http cache picomatch@https://registry.npmjs.org/picomatch/-/picomatch-4.0.4.tgz 0ms (cache hit)
727 http cache escalade@https://registry.npmjs.org/escalade/-/escalade-3.2.0.tgz 0ms (cache hit)
728 http cache scheduler@https://registry.npmjs.org/scheduler/-/scheduler-0.27.0.tgz 0ms (cache hit)
729 http cache tslib@https://registry.npmjs.org/tslib/-/tslib-2.8.1.tgz 0ms (cache hit)
730 http cache yallist@https://registry.npmjs.org/yallist/-/yallist-3.1.1.tgz 0ms (cache hit)
731 http cache fdir@https://registry.npmjs.org/fdir/-/fdir-6.5.0.tgz 0ms (cache hit)
732 http cache motion-dom@https://registry.npmjs.org/motion-dom/-/motion-dom-12.38.0.tgz 0ms (cache hit)
733 http cache motion-utils@https://registry.npmjs.org/motion-utils/-/motion-utils-12.36.0.tgz 0ms (cache hit)
734 http cache node-releases@https://registry.npmjs.org/node-releases/-/node-releases-2.0.36.tgz 0ms (cache hit)
735 http cache ms@https://registry.npmjs.org/ms/-/ms-2.1.3.tgz 0ms (cache hit)
736 http cache electron-to-chromium@https://registry.npmjs.org/electron-to-chromium/-/electron-to-chromium-1.5.328.tgz 0ms (cache hit)
737 http cache update-browserslist-db@https://registry.npmjs.org/update-browserslist-db/-/update-browserslist-db-1.2.3.tgz 0ms (cache hit)
738 http cache caniuse-lite@https://registry.npmjs.org/caniuse-lite/-/caniuse-lite-1.0.30001781.tgz 0ms (cache hit)
739 http cache @jridgewell/resolve-uri@https://registry.npmjs.org/@jridgewell/resolve-uri/-/resolve-uri-3.1.2.tgz 0ms (cache hit)
740 http cache baseline-browser-mapping@https://registry.npmjs.org/baseline-browser-mapping/-/baseline-browser-mapping-2.10.11.tgz 0ms (cache hit)
741 http cache @babel/helper-string-parser@https://registry.npmjs.org/@babel/helper-string-parser/-/helper-string-parser-7.27.1.tgz 0ms (cache hit)
742 http cache @types/babel__traverse@https://registry.npmjs.org/@types/babel__traverse/-/babel__traverse-7.28.0.tgz 0ms (cache hit)
743 http cache @types/babel__generator@https://registry.npmjs.org/@types/babel__generator/-/babel__generator-7.27.0.tgz 0ms (cache hit)
744 http cache @jridgewell/sourcemap-codec@https://registry.npmjs.org/@jridgewell/sourcemap-codec/-/sourcemap-codec-1.5.5.tgz 0ms (cache hit)
745 http cache @types/babel__template@https://registry.npmjs.org/@types/babel__template/-/babel__template-7.4.4.tgz 0ms (cache hit)
746 http cache lru-cache@https://registry.npmjs.org/lru-cache/-/lru-cache-5.1.1.tgz 0ms (cache hit)
747 http cache @babel/helper-plugin-utils@https://registry.npmjs.org/@babel/helper-plugin-utils/-/helper-plugin-utils-7.28.6.tgz 0ms (cache hit)
748 http cache browserslist@https://registry.npmjs.org/browserslist/-/browserslist-4.28.1.tgz 0ms (cache hit)
749 http cache @babel/helper-validator-option@https://registry.npmjs.org/@babel/helper-validator-option/-/helper-validator-option-7.27.1.tgz 0ms (cache hit)
750 http cache jsesc@https://registry.npmjs.org/jsesc/-/jsesc-3.1.0.tgz 0ms (cache hit)
751 http cache @babel/helper-module-imports@https://registry.npmjs.org/@babel/helper-module-imports/-/helper-module-imports-7.28.6.tgz 0ms (cache hit)
752 http cache @babel/helper-globals@https://registry.npmjs.org/@babel/helper-globals/-/helper-globals-7.28.0.tgz 0ms (cache hit)
753 http cache @jridgewell/trace-mapping@https://registry.npmjs.org/@jridgewell/trace-mapping/-/trace-mapping-0.3.31.tgz 0ms (cache hit)
754 http cache @babel/compat-data@https://registry.npmjs.org/@babel/compat-data/-/compat-data-7.29.0.tgz 0ms (cache hit)
755 http cache @jridgewell/gen-mapping@https://registry.npmjs.org/@jridgewell/gen-mapping/-/gen-mapping-0.3.13.tgz 0ms (cache hit)
756 http cache js-tokens@https://registry.npmjs.org/js-tokens/-/js-tokens-4.0.0.tgz 0ms (cache hit)
757 http cache picocolors@https://registry.npmjs.org/picocolors/-/picocolors-1.1.1.tgz 0ms (cache hit)
758 http cache semver@https://registry.npmjs.org/semver/-/semver-6.3.1.tgz 0ms (cache hit)
759 http cache @babel/helper-validator-identifier@https://registry.npmjs.org/@babel/helper-validator-identifier/-/helper-validator-identifier-7.28.5.tgz 0ms (cache hit)
760 http cache @jridgewell/remapping@https://registry.npmjs.org/@jridgewell/remapping/-/remapping-2.3.5.tgz 0ms (cache hit)
761 http cache debug@https://registry.npmjs.org/debug/-/debug-4.4.3.tgz 0ms (cache hit)
762 http cache json5@https://registry.npmjs.org/json5/-/json5-2.2.3.tgz 0ms (cache hit)
763 http cache gensync@https://registry.npmjs.org/gensync/-/gensync-1.0.0-beta.2.tgz 0ms (cache hit)
764 http cache convert-source-map@https://registry.npmjs.org/convert-source-map/-/convert-source-map-2.0.0.tgz 0ms (cache hit)
765 http cache @babel/types@https://registry.npmjs.org/@babel/types/-/types-7.29.0.tgz 0ms (cache hit)
766 http cache @babel/traverse@https://registry.npmjs.org/@babel/traverse/-/traverse-7.29.0.tgz 0ms (cache hit)
767 http cache @babel/template@https://registry.npmjs.org/@babel/template/-/template-7.28.6.tgz 0ms (cache hit)
768 http cache @babel/helpers@https://registry.npmjs.org/@babel/helpers/-/helpers-7.29.2.tgz 0ms (cache hit)
769 http cache @babel/parser@https://registry.npmjs.org/@babel/parser/-/parser-7.29.2.tgz 0ms (cache hit)
770 http cache @babel/helper-compilation-targets@https://registry.npmjs.org/@babel/helper-compilation-targets/-/helper-compilation-targets-7.28.6.tgz 0ms (cache hit)
771 http cache @babel/helper-module-transforms@https://registry.npmjs.org/@babel/helper-module-transforms/-/helper-module-transforms-7.28.6.tgz 0ms (cache hit)
772 http cache @babel/generator@https://registry.npmjs.org/@babel/generator/-/generator-7.29.1.tgz 0ms (cache hit)
773 http cache @babel/plugin-transform-react-jsx-source@https://registry.npmjs.org/@babel/plugin-transform-react-jsx-source/-/plugin-transform-react-jsx-source-7.27.1.tgz 0ms (cache hit)
774 http cache react-refresh@https://registry.npmjs.org/react-refresh/-/react-refresh-0.18.0.tgz 0ms (cache hit)
775 http cache @types/babel__core@https://registry.npmjs.org/@types/babel__core/-/babel__core-7.20.5.tgz 0ms (cache hit)
776 http cache @babel/code-frame@https://registry.npmjs.org/@babel/code-frame/-/code-frame-7.29.0.tgz 0ms (cache hit)
777 http cache @rolldown/pluginutils@https://registry.npmjs.org/@rolldown/pluginutils/-/pluginutils-1.0.0-rc.3.tgz 0ms (cache hit)
778 http cache @babel/core@https://registry.npmjs.org/@babel/core/-/core-7.29.0.tgz 0ms (cache hit)
779 http cache react-dom@https://registry.npmjs.org/react-dom/-/react-dom-19.2.4.tgz 0ms (cache hit)
780 http cache typescript@https://registry.npmjs.org/typescript/-/typescript-5.8.3.tgz 0ms (cache hit)
781 http cache undici-types@https://registry.npmjs.org/undici-types/-/undici-types-6.21.0.tgz 0ms (cache hit)
782 http cache react@https://registry.npmjs.org/react/-/react-19.2.4.tgz 0ms (cache hit)
783 http cache @babel/plugin-transform-react-jsx-self@https://registry.npmjs.org/@babel/plugin-transform-react-jsx-self/-/plugin-transform-react-jsx-self-7.27.1.tgz 0ms (cache hit)
784 http cache framer-motion@https://registry.npmjs.org/framer-motion/-/framer-motion-12.38.0.tgz 0ms (cache hit)
785 http cache lucide-react@https://registry.npmjs.org/lucide-react/-/lucide-react-0.570.0.tgz 0ms (cache hit)
786 http cache @vitejs/plugin-react@https://registry.npmjs.org/@vitejs/plugin-react/-/plugin-react-5.2.0.tgz 0ms (cache hit)
787 silly tarball no local data for @rollup/rollup-win32-x64-msvc@https://registry.npmjs.org/@rollup/rollup-win32-x64-msvc/-/rollup-win32-x64-msvc-4.60.0.tgz. Extracting by manifest.
788 http cache vite@https://registry.npmjs.org/vite/-/vite-6.4.1.tgz 0ms (cache hit)
789 silly tarball no local data for @types/estree@https://registry.npmjs.org/@types/estree/-/estree-1.0.8.tgz. Extracting by manifest.
790 silly tarball no local data for nanoid@https://registry.npmjs.org/nanoid/-/nanoid-3.3.11.tgz. Extracting by manifest.
791 silly tarball no local data for @rollup/rollup-win32-x64-gnu@https://registry.npmjs.org/@rollup/rollup-win32-x64-gnu/-/rollup-win32-x64-gnu-4.60.0.tgz. Extracting by manifest.
792 silly tarball no local data for source-map-js@https://registry.npmjs.org/source-map-js/-/source-map-js-1.2.1.tgz. Extracting by manifest.
793 silly tarball no local data for @esbuild/win32-x64@https://registry.npmjs.org/@esbuild/win32-x64/-/win32-x64-0.25.12.tgz. Extracting by manifest.
794 http cache @types/node@https://registry.npmjs.org/@types/node/-/node-22.19.15.tgz 0ms (cache hit)
795 silly tarball no local data for postcss@https://registry.npmjs.org/postcss/-/postcss-8.5.8.tgz. Extracting by manifest.
796 silly tarball no local data for tinyglobby@https://registry.npmjs.org/tinyglobby/-/tinyglobby-0.2.15.tgz. Extracting by manifest.
797 silly tarball no local data for rollup@https://registry.npmjs.org/rollup/-/rollup-4.60.0.tgz. Extracting by manifest.
798 silly tarball no local data for esbuild@https://registry.npmjs.org/esbuild/-/esbuild-0.25.12.tgz. Extracting by manifest.
799 silly tarball no local data for picomatch@https://registry.npmjs.org/picomatch/-/picomatch-4.0.4.tgz. Extracting by manifest.
800 silly tarball no local data for escalade@https://registry.npmjs.org/escalade/-/escalade-3.2.0.tgz. Extracting by manifest.
801 silly tarball no local data for scheduler@https://registry.npmjs.org/scheduler/-/scheduler-0.27.0.tgz. Extracting by manifest.
802 silly tarball no local data for tslib@https://registry.npmjs.org/tslib/-/tslib-2.8.1.tgz. Extracting by manifest.
803 silly tarball no local data for yallist@https://registry.npmjs.org/yallist/-/yallist-3.1.1.tgz. Extracting by manifest.
804 silly tarball no local data for fdir@https://registry.npmjs.org/fdir/-/fdir-6.5.0.tgz. Extracting by manifest.
805 silly tarball no local data for motion-dom@https://registry.npmjs.org/motion-dom/-/motion-dom-12.38.0.tgz. Extracting by manifest.
806 silly tarball no local data for motion-utils@https://registry.npmjs.org/motion-utils/-/motion-utils-12.36.0.tgz. Extracting by manifest.
807 silly tarball no local data for node-releases@https://registry.npmjs.org/node-releases/-/node-releases-2.0.36.tgz. Extracting by manifest.
808 silly tarball no local data for ms@https://registry.npmjs.org/ms/-/ms-2.1.3.tgz. Extracting by manifest.
809 silly tarball no local data for electron-to-chromium@https://registry.npmjs.org/electron-to-chromium/-/electron-to-chromium-1.5.328.tgz. Extracting by manifest.
810 silly tarball no local data for update-browserslist-db@https://registry.npmjs.org/update-browserslist-db/-/update-browserslist-db-1.2.3.tgz. Extracting by manifest.
811 silly tarball no local data for caniuse-lite@https://registry.npmjs.org/caniuse-lite/-/caniuse-lite-1.0.30001781.tgz. Extracting by manifest.
812 silly tarball no local data for @jridgewell/resolve-uri@https://registry.npmjs.org/@jridgewell/resolve-uri/-/resolve-uri-3.1.2.tgz. Extracting by manifest.
813 silly tarball no local data for baseline-browser-mapping@https://registry.npmjs.org/baseline-browser-mapping/-/baseline-browser-mapping-2.10.11.tgz. Extracting by manifest.
814 silly tarball no local data for @babel/helper-string-parser@https://registry.npmjs.org/@babel/helper-string-parser/-/helper-string-parser-7.27.1.tgz. Extracting by manifest.
815 silly tarball no local data for @types/babel__traverse@https://registry.npmjs.org/@types/babel__traverse/-/babel__traverse-7.28.0.tgz. Extracting by manifest.
816 silly tarball no local data for @types/babel__generator@https://registry.npmjs.org/@types/babel__generator/-/babel__generator-7.27.0.tgz. Extracting by manifest.
817 silly tarball no local data for @jridgewell/sourcemap-codec@https://registry.npmjs.org/@jridgewell/sourcemap-codec/-/sourcemap-codec-1.5.5.tgz. Extracting by manifest.
818 silly tarball no local data for @types/babel__template@https://registry.npmjs.org/@types/babel__template/-/babel__template-7.4.4.tgz. Extracting by manifest.
819 silly tarball no local data for lru-cache@https://registry.npmjs.org/lru-cache/-/lru-cache-5.1.1.tgz. Extracting by manifest.
820 silly tarball no local data for @babel/helper-plugin-utils@https://registry.npmjs.org/@babel/helper-plugin-utils/-/helper-plugin-utils-7.28.6.tgz. Extracting by manifest.
821 silly tarball no local data for browserslist@https://registry.npmjs.org/browserslist/-/browserslist-4.28.1.tgz. Extracting by manifest.
822 silly tarball no local data for @babel/helper-validator-option@https://registry.npmjs.org/@babel/helper-validator-option/-/helper-validator-option-7.27.1.tgz. Extracting by manifest.
823 silly tarball no local data for jsesc@https://registry.npmjs.org/jsesc/-/jsesc-3.1.0.tgz. Extracting by manifest.
824 silly tarball no local data for @babel/helper-module-imports@https://registry.npmjs.org/@babel/helper-module-imports/-/helper-module-imports-7.28.6.tgz. Extracting by manifest.
825 silly tarball no local data for @babel/helper-globals@https://registry.npmjs.org/@babel/helper-globals/-/helper-globals-7.28.0.tgz. Extracting by manifest.
826 silly tarball no local data for @jridgewell/trace-mapping@https://registry.npmjs.org/@jridgewell/trace-mapping/-/trace-mapping-0.3.31.tgz. Extracting by manifest.
827 silly tarball no local data for @babel/compat-data@https://registry.npmjs.org/@babel/compat-data/-/compat-data-7.29.0.tgz. Extracting by manifest.
828 silly tarball no local data for @jridgewell/gen-mapping@https://registry.npmjs.org/@jridgewell/gen-mapping/-/gen-mapping-0.3.13.tgz. Extracting by manifest.
829 silly tarball no local data for js-tokens@https://registry.npmjs.org/js-tokens/-/js-tokens-4.0.0.tgz. Extracting by manifest.
830 silly tarball no local data for picocolors@https://registry.npmjs.org/picocolors/-/picocolors-1.1.1.tgz. Extracting by manifest.
831 silly tarball no local data for semver@https://registry.npmjs.org/semver/-/semver-6.3.1.tgz. Extracting by manifest.
832 silly tarball no local data for @babel/helper-validator-identifier@https://registry.npmjs.org/@babel/helper-validator-identifier/-/helper-validator-identifier-7.28.5.tgz. Extracting by manifest.
833 silly tarball no local data for @jridgewell/remapping@https://registry.npmjs.org/@jridgewell/remapping/-/remapping-2.3.5.tgz. Extracting by manifest.
834 silly tarball no local data for debug@https://registry.npmjs.org/debug/-/debug-4.4.3.tgz. Extracting by manifest.
835 silly tarball no local data for json5@https://registry.npmjs.org/json5/-/json5-2.2.3.tgz. Extracting by manifest.
836 silly tarball no local data for gensync@https://registry.npmjs.org/gensync/-/gensync-1.0.0-beta.2.tgz. Extracting by manifest.
837 silly tarball no local data for convert-source-map@https://registry.npmjs.org/convert-source-map/-/convert-source-map-2.0.0.tgz. Extracting by manifest.
838 silly tarball no local data for @babel/types@https://registry.npmjs.org/@babel/types/-/types-7.29.0.tgz. Extracting by manifest.
839 silly tarball no local data for @babel/traverse@https://registry.npmjs.org/@babel/traverse/-/traverse-7.29.0.tgz. Extracting by manifest.
840 silly tarball no local data for @babel/template@https://registry.npmjs.org/@babel/template/-/template-7.28.6.tgz. Extracting by manifest.
841 silly tarball no local data for @babel/helpers@https://registry.npmjs.org/@babel/helpers/-/helpers-7.29.2.tgz. Extracting by manifest.
842 silly tarball no local data for @babel/parser@https://registry.npmjs.org/@babel/parser/-/parser-7.29.2.tgz. Extracting by manifest.
843 silly tarball no local data for @babel/helper-compilation-targets@https://registry.npmjs.org/@babel/helper-compilation-targets/-/helper-compilation-targets-7.28.6.tgz. Extracting by manifest.
844 silly tarball no local data for @babel/helper-module-transforms@https://registry.npmjs.org/@babel/helper-module-transforms/-/helper-module-transforms-7.28.6.tgz. Extracting by manifest.
845 silly tarball no local data for @babel/generator@https://registry.npmjs.org/@babel/generator/-/generator-7.29.1.tgz. Extracting by manifest.
846 silly tarball no local data for @babel/plugin-transform-react-jsx-source@https://registry.npmjs.org/@babel/plugin-transform-react-jsx-source/-/plugin-transform-react-jsx-source-7.27.1.tgz. Extracting by manifest.
847 silly tarball no local data for react-refresh@https://registry.npmjs.org/react-refresh/-/react-refresh-0.18.0.tgz. Extracting by manifest.
848 silly tarball no local data for @types/babel__core@https://registry.npmjs.org/@types/babel__core/-/babel__core-7.20.5.tgz. Extracting by manifest.
849 silly tarball no local data for @babel/code-frame@https://registry.npmjs.org/@babel/code-frame/-/code-frame-7.29.0.tgz. Extracting by manifest.
850 silly tarball no local data for @rolldown/pluginutils@https://registry.npmjs.org/@rolldown/pluginutils/-/pluginutils-1.0.0-rc.3.tgz. Extracting by manifest.
851 silly tarball no local data for @babel/core@https://registry.npmjs.org/@babel/core/-/core-7.29.0.tgz. Extracting by manifest.
852 silly tarball no local data for react-dom@https://registry.npmjs.org/react-dom/-/react-dom-19.2.4.tgz. Extracting by manifest.
853 silly tarball no local data for typescript@https://registry.npmjs.org/typescript/-/typescript-5.8.3.tgz. Extracting by manifest.
854 silly tarball no local data for undici-types@https://registry.npmjs.org/undici-types/-/undici-types-6.21.0.tgz. Extracting by manifest.
855 silly tarball no local data for react@https://registry.npmjs.org/react/-/react-19.2.4.tgz. Extracting by manifest.
856 silly tarball no local data for @babel/plugin-transform-react-jsx-self@https://registry.npmjs.org/@babel/plugin-transform-react-jsx-self/-/plugin-transform-react-jsx-self-7.27.1.tgz. Extracting by manifest.
857 silly tarball no local data for framer-motion@https://registry.npmjs.org/framer-motion/-/framer-motion-12.38.0.tgz. Extracting by manifest.
858 silly tarball no local data for lucide-react@https://registry.npmjs.org/lucide-react/-/lucide-react-0.570.0.tgz. Extracting by manifest.
859 silly tarball no local data for @vitejs/plugin-react@https://registry.npmjs.org/@vitejs/plugin-react/-/plugin-react-5.2.0.tgz. Extracting by manifest.
860 silly tarball no local data for vite@https://registry.npmjs.org/vite/-/vite-6.4.1.tgz. Extracting by manifest.
861 silly tarball no local data for @types/node@https://registry.npmjs.org/@types/node/-/node-22.19.15.tgz. Extracting by manifest.
862 http fetch GET 200 https://registry.npmjs.org/nanoid/-/nanoid-3.3.11.tgz 383ms (cache miss)
863 http fetch GET 200 https://registry.npmjs.org/@types/estree/-/estree-1.0.8.tgz 954ms (cache miss)
864 http fetch GET 200 https://registry.npmjs.org/fdir/-/fdir-6.5.0.tgz 1294ms (cache miss)
865 http fetch GET 200 https://registry.npmjs.org/node-releases/-/node-releases-2.0.36.tgz 1884ms (cache miss)
866 http fetch GET 200 https://registry.npmjs.org/ms/-/ms-2.1.3.tgz 2661ms (cache miss)
867 http fetch GET 200 https://registry.npmjs.org/@types/babel__traverse/-/babel__traverse-7.28.0.tgz 2863ms (cache miss)
868 http fetch GET 200 https://registry.npmjs.org/jsesc/-/jsesc-3.1.0.tgz 2852ms (cache miss)
869 http fetch GET 200 https://registry.npmjs.org/@babel/compat-data/-/compat-data-7.29.0.tgz 2859ms (cache miss)
870 http fetch GET 200 https://registry.npmjs.org/debug/-/debug-4.4.3.tgz 2944ms (cache miss)
871 http fetch GET 200 https://registry.npmjs.org/@types/babel__template/-/babel__template-7.4.4.tgz 3016ms (cache miss)
872 http fetch GET 200 https://registry.npmjs.org/convert-source-map/-/convert-source-map-2.0.0.tgz 3007ms (cache miss)
873 http fetch GET 200 https://registry.npmjs.org/@types/babel__generator/-/babel__generator-7.27.0.tgz 3041ms (cache miss)
874 http fetch GET 200 https://registry.npmjs.org/@babel/helper-compilation-targets/-/helper-compilation-targets-7.28.6.tgz 3012ms (cache miss)
875 http fetch GET 200 https://registry.npmjs.org/@babel/helper-string-parser/-/helper-string-parser-7.27.1.tgz 3070ms (cache miss)
876 http fetch GET 200 https://registry.npmjs.org/lru-cache/-/lru-cache-5.1.1.tgz 3064ms (cache miss)
877 http fetch GET 200 https://registry.npmjs.org/js-tokens/-/js-tokens-4.0.0.tgz 3058ms (cache miss)
878 http fetch GET 200 https://registry.npmjs.org/@types/babel__core/-/babel__core-7.20.5.tgz 3033ms (cache miss)
879 http fetch GET 200 https://registry.npmjs.org/@babel/plugin-transform-react-jsx-self/-/plugin-transform-react-jsx-self-7.27.1.tgz 3027ms (cache miss)
880 http fetch GET 200 https://registry.npmjs.org/picocolors/-/picocolors-1.1.1.tgz 3123ms (cache miss)
881 http fetch GET 200 https://registry.npmjs.org/@babel/plugin-transform-react-jsx-source/-/plugin-transform-react-jsx-source-7.27.1.tgz 3113ms (cache miss)
882 http fetch GET 200 https://registry.npmjs.org/update-browserslist-db/-/update-browserslist-db-1.2.3.tgz 3215ms (cache miss)
883 http fetch GET 200 https://registry.npmjs.org/@babel/helper-globals/-/helper-globals-7.28.0.tgz 3196ms (cache miss)
884 http fetch GET 200 https://registry.npmjs.org/@babel/helper-plugin-utils/-/helper-plugin-utils-7.28.6.tgz 3227ms (cache miss)
885 http fetch GET 200 https://registry.npmjs.org/gensync/-/gensync-1.0.0-beta.2.tgz 3250ms (cache miss)
886 http fetch GET 200 https://registry.npmjs.org/yallist/-/yallist-3.1.1.tgz 3311ms (cache miss)
887 http fetch GET 200 https://registry.npmjs.org/tinyglobby/-/tinyglobby-0.2.15.tgz 3349ms (cache miss)
888 http fetch GET 200 https://registry.npmjs.org/@vitejs/plugin-react/-/plugin-react-5.2.0.tgz 3306ms (cache miss)
889 http fetch GET 200 https://registry.npmjs.org/@babel/helper-validator-option/-/helper-validator-option-7.27.1.tgz 3442ms (cache miss)
890 http fetch GET 200 https://registry.npmjs.org/@babel/code-frame/-/code-frame-7.29.0.tgz 3411ms (cache miss)
891 http fetch GET 200 https://registry.npmjs.org/@jridgewell/resolve-uri/-/resolve-uri-3.1.2.tgz 3466ms (cache miss)
892 http fetch GET 200 https://registry.npmjs.org/react-refresh/-/react-refresh-0.18.0.tgz 3505ms (cache miss)
893 http fetch GET 200 https://registry.npmjs.org/semver/-/semver-6.3.1.tgz 3596ms (cache miss)
894 http fetch GET 200 https://registry.npmjs.org/escalade/-/escalade-3.2.0.tgz 3661ms (cache miss)
895 http fetch GET 200 https://registry.npmjs.org/electron-to-chromium/-/electron-to-chromium-1.5.328.tgz 3656ms (cache miss)
896 http fetch GET 200 https://registry.npmjs.org/browserslist/-/browserslist-4.28.1.tgz 3716ms (cache miss)
897 http fetch GET 200 https://registry.npmjs.org/@babel/helper-module-imports/-/helper-module-imports-7.28.6.tgz 3780ms (cache miss)
898 http fetch GET 200 https://registry.npmjs.org/esbuild/-/esbuild-0.25.12.tgz 3824ms (cache miss)
899 http fetch GET 200 https://registry.npmjs.org/@babel/helper-validator-identifier/-/helper-validator-identifier-7.28.5.tgz 3813ms (cache miss)
900 http fetch GET 200 https://registry.npmjs.org/baseline-browser-mapping/-/baseline-browser-mapping-2.10.11.tgz 3853ms (cache miss)
901 http fetch GET 200 https://registry.npmjs.org/picomatch/-/picomatch-4.0.4.tgz 3911ms (cache miss)
902 http fetch GET 200 https://registry.npmjs.org/tslib/-/tslib-2.8.1.tgz 3951ms (cache miss)
903 http fetch GET 200 https://registry.npmjs.org/scheduler/-/scheduler-0.27.0.tgz 3961ms (cache miss)
904 http fetch GET 200 https://registry.npmjs.org/source-map-js/-/source-map-js-1.2.1.tgz 4001ms (cache miss)
905 http fetch GET 200 https://registry.npmjs.org/@rolldown/pluginutils/-/pluginutils-1.0.0-rc.3.tgz 4037ms (cache miss)
906 http fetch GET 200 https://registry.npmjs.org/@babel/helper-module-transforms/-/helper-module-transforms-7.28.6.tgz 4068ms (cache miss)
907 http fetch GET 200 https://registry.npmjs.org/@babel/template/-/template-7.28.6.tgz 4187ms (cache miss)
908 http fetch GET 200 https://registry.npmjs.org/json5/-/json5-2.2.3.tgz 4240ms (cache miss)
909 http fetch GET 200 https://registry.npmjs.org/@rollup/rollup-win32-x64-gnu/-/rollup-win32-x64-gnu-4.60.0.tgz 4380ms (cache miss)
910 http fetch GET 200 https://registry.npmjs.org/@jridgewell/sourcemap-codec/-/sourcemap-codec-1.5.5.tgz 4467ms (cache miss)
911 http fetch GET 200 https://registry.npmjs.org/react/-/react-19.2.4.tgz 4416ms (cache miss)
912 http fetch GET 200 https://registry.npmjs.org/undici-types/-/undici-types-6.21.0.tgz 4550ms (cache miss)
913 http fetch GET 200 https://registry.npmjs.org/@jridgewell/remapping/-/remapping-2.3.5.tgz 4632ms (cache miss)
914 http fetch GET 200 https://registry.npmjs.org/@babel/parser/-/parser-7.29.2.tgz 4621ms (cache miss)
915 http fetch GET 200 https://registry.npmjs.org/@jridgewell/gen-mapping/-/gen-mapping-0.3.13.tgz 4647ms (cache miss)
916 http fetch GET 200 https://registry.npmjs.org/@rollup/rollup-win32-x64-msvc/-/rollup-win32-x64-msvc-4.60.0.tgz 4710ms (cache miss)
917 http fetch GET 200 https://registry.npmjs.org/@jridgewell/trace-mapping/-/trace-mapping-0.3.31.tgz 5140ms (cache miss)
918 http fetch GET 200 https://registry.npmjs.org/postcss/-/postcss-8.5.8.tgz 5207ms (cache miss)
919 http fetch GET 200 https://registry.npmjs.org/@babel/generator/-/generator-7.29.1.tgz 5394ms (cache miss)
920 http fetch GET 200 https://registry.npmjs.org/rollup/-/rollup-4.60.0.tgz 5672ms (cache miss)
921 http fetch GET 200 https://registry.npmjs.org/vite/-/vite-6.4.1.tgz 5643ms (cache miss)
922 http fetch GET 200 https://registry.npmjs.org/@types/node/-/node-22.19.15.tgz 6086ms (cache miss)
923 http fetch GET 200 https://registry.npmjs.org/motion-utils/-/motion-utils-12.36.0.tgz 6301ms (cache miss)
924 http fetch GET 200 https://registry.npmjs.org/@babel/traverse/-/traverse-7.29.0.tgz 6254ms (cache miss)
925 http fetch GET 200 https://registry.npmjs.org/@esbuild/win32-x64/-/win32-x64-0.25.12.tgz 6515ms (cache miss)
926 http fetch GET 200 https://registry.npmjs.org/react-dom/-/react-dom-19.2.4.tgz 6535ms (cache miss)
927 http fetch GET 200 https://registry.npmjs.org/@babel/core/-/core-7.29.0.tgz 7049ms (cache miss)
928 http fetch GET 200 https://registry.npmjs.org/@babel/types/-/types-7.29.0.tgz 8392ms (cache miss)
929 http fetch GET 200 https://registry.npmjs.org/@babel/helpers/-/helpers-7.29.2.tgz 9432ms (cache miss)
930 http fetch GET 200 https://registry.npmjs.org/typescript/-/typescript-5.8.3.tgz 9690ms (cache miss)
931 http fetch GET 200 https://registry.npmjs.org/framer-motion/-/framer-motion-12.38.0.tgz 13615ms (cache miss)
932 http fetch GET 200 https://registry.npmjs.org/motion-dom/-/motion-dom-12.38.0.tgz 14516ms (cache miss)
933 http fetch GET 200 https://registry.npmjs.org/caniuse-lite/-/caniuse-lite-1.0.30001781.tgz 15963ms (cache miss)
934 http fetch GET 200 https://registry.npmjs.org/lucide-react/-/lucide-react-0.570.0.tgz 38247ms (cache miss)
935 info run esbuild@0.25.12 postinstall node_modules/esbuild node install.js
936 info run esbuild@0.25.12 postinstall { code: 'EPERM', signal: undefined }
937 warn cleanup Failed to remove some directories [
937 warn cleanup   [
937 warn cleanup     '\\\\?\\C:\\Users\\MyBook Hype AMD\\AndroidStudioProjects\\Edufika2\\new_design\\node_modules',
937 warn cleanup     [Error: EPERM: operation not permitted, rmdir 'C:\Users\MyBook Hype AMD\AndroidStudioProjects\Edufika2\new_design\node_modules\@babel\core\lib\parser'] {
937 warn cleanup       errno: -4048,
937 warn cleanup       code: 'EPERM',
937 warn cleanup       syscall: 'rmdir',
937 warn cleanup       path: 'C:\\Users\\MyBook Hype AMD\\AndroidStudioProjects\\Edufika2\\new_design\\node_modules\\@babel\\core\\lib\\parser'
937 warn cleanup     }
937 warn cleanup   ],
937 warn cleanup   [
937 warn cleanup     '\\\\?\\C:\\Users\\MyBook Hype AMD\\AndroidStudioProjects\\Edufika2\\new_design\\node_modules\\motion-dom',
937 warn cleanup     [Error: EPERM: operation not permitted, rmdir 'C:\Users\MyBook Hype AMD\AndroidStudioProjects\Edufika2\new_design\node_modules\motion-dom\dist\es\projection\animation'] {
937 warn cleanup       errno: -4048,
937 warn cleanup       code: 'EPERM',
937 warn cleanup       syscall: 'rmdir',
937 warn cleanup       path: 'C:\\Users\\MyBook Hype AMD\\AndroidStudioProjects\\Edufika2\\new_design\\node_modules\\motion-dom\\dist\\es\\projection\\animation'
937 warn cleanup     }
937 warn cleanup   ]
937 warn cleanup ]
938 verbose stack Error: spawn EPERM
938 verbose stack     at ChildProcess.spawn (node:internal/child_process:421:11)
938 verbose stack     at spawn (node:child_process:796:9)
938 verbose stack     at promiseSpawn (C:\Program Files\nodejs\node_modules\npm\node_modules\@npmcli\promise-spawn\lib\index.js:39:16)
938 verbose stack     at spawnWithShell (C:\Program Files\nodejs\node_modules\npm\node_modules\@npmcli\promise-spawn\lib\index.js:124:10)
938 verbose stack     at promiseSpawn (C:\Program Files\nodejs\node_modules\npm\node_modules\@npmcli\promise-spawn\lib\index.js:12:12)
938 verbose stack     at runScriptPkg (C:\Program Files\nodejs\node_modules\npm\node_modules\@npmcli\run-script\lib\run-script-pkg.js:79:13)
938 verbose stack     at runScript (C:\Program Files\nodejs\node_modules\npm\node_modules\@npmcli\run-script\lib\run-script.js:9:12)
938 verbose stack     at C:\Program Files\nodejs\node_modules\npm\node_modules\@npmcli\arborist\lib\arborist\rebuild.js:332:17
938 verbose stack     at run (C:\Program Files\nodejs\node_modules\npm\node_modules\promise-call-limit\dist\commonjs\index.js:67:22)
938 verbose stack     at C:\Program Files\nodejs\node_modules\npm\node_modules\promise-call-limit\dist\commonjs\index.js:84:9
939 error code EPERM
940 error syscall spawn
941 error errno -4048
942 error Error: spawn EPERM
942 error     at ChildProcess.spawn (node:internal/child_process:421:11)
942 error     at spawn (node:child_process:796:9)
942 error     at promiseSpawn (C:\Program Files\nodejs\node_modules\npm\node_modules\@npmcli\promise-spawn\lib\index.js:39:16)
942 error     at spawnWithShell (C:\Program Files\nodejs\node_modules\npm\node_modules\@npmcli\promise-spawn\lib\index.js:124:10)
942 error     at promiseSpawn (C:\Program Files\nodejs\node_modules\npm\node_modules\@npmcli\promise-spawn\lib\index.js:12:12)
942 error     at runScriptPkg (C:\Program Files\nodejs\node_modules\npm\node_modules\@npmcli\run-script\lib\run-script-pkg.js:79:13)
942 error     at runScript (C:\Program Files\nodejs\node_modules\npm\node_modules\@npmcli\run-script\lib\run-script.js:9:12)
942 error     at C:\Program Files\nodejs\node_modules\npm\node_modules\@npmcli\arborist\lib\arborist\rebuild.js:332:17
942 error     at run (C:\Program Files\nodejs\node_modules\npm\node_modules\promise-call-limit\dist\commonjs\index.js:67:22)
942 error     at C:\Program Files\nodejs\node_modules\npm\node_modules\promise-call-limit\dist\commonjs\index.js:84:9 {
942 error   errno: -4048,
942 error   code: 'EPERM',
942 error   syscall: 'spawn'
942 error }
943 error
943 error The operation was rejected by your operating system.
943 error It's possible that the file was already in use (by a text editor or antivirus),
943 error or that you lack permissions to access it.
943 error
943 error If you believe this might be a permissions issue, please double-check the
943 error permissions of the file and its containing directories, or try running
943 error the command again as root/Administrator.
944 silly unfinished npm timer reify 1774598340212
945 silly unfinished npm timer reify:build 1774598400689
946 silly unfinished npm timer build 1774598400690
947 silly unfinished npm timer build:deps 1774598400690
948 silly unfinished npm timer build:run:postinstall 1774598400781
949 silly unfinished npm timer build:run:postinstall:node_modules/esbuild 1774598400781
950 verbose cwd C:\Users\MyBook Hype AMD\AndroidStudioProjects\Edufika2
951 verbose os Windows_NT 10.0.26200
952 verbose node v24.13.0
953 verbose npm  v11.6.2
954 notice
954 notice New minor version of npm available! 11.6.2 -> 11.12.1
954 notice Changelog: https://github.com/npm/cli/releases/tag/v11.12.1
954 notice To update run: npm install -g npm@11.12.1
954 notice  { force: true, Symbol(proc-log.meta): true }
955 verbose exit -4048
956 verbose code -4048
957 error A complete log of this run can be found in: C:\Users\MyBook Hype AMD\AndroidStudioProjects\Edufika2\.npm-cache\_logs\2026-03-27T07_58_57_149Z-debug-0.log
